[2021-08-03 07:22:32] production.ERROR: No application encryption key has been specified. {"exception":"[object] (RuntimeException(code: 0): No application encryption key has been specified. at /var/www/html/Prepareurself/vendor/laravel/framework/src/Illuminate/Encryption/EncryptionServiceProvider.php:80)
[stacktrace]
#0 /var/www/html/Prepareurself/vendor/laravel/framework/src/Illuminate/Support/helpers.php(422): Illuminate\\Encryption\\EncryptionServiceProvider->Illuminate\\Encryption\\{closure}()
#1 /var/www/html/Prepareurself/vendor/laravel/framework/src/Illuminate/Encryption/EncryptionServiceProvider.php(84): tap()
#2 /var/www/html/Prepareurself/vendor/laravel/framework/src/Illuminate/Encryption/EncryptionServiceProvider.php(61): Illuminate\\Encryption\\EncryptionServiceProvider->key()
#3 /var/www/html/Prepareurself/vendor/laravel/framework/src/Illuminate/Encryption/EncryptionServiceProvider.php(33): Illuminate\\Encryption\\EncryptionServiceProvider->parseKey()
#4 /var/www/html/Prepareurself/vendor/laravel/framework/src/Illuminate/Container/Container.php(799): Illuminate\\Encryption\\EncryptionServiceProvider->Illuminate\\Encryption\\{closure}()
#5 /var/www/html/Prepareurself/vendor/laravel/framework/src/Illuminate/Container/Container.php(681): Illuminate\\Container\\Container->build()
#6 /var/www/html/Prepareurself/vendor/laravel/framework/src/Illuminate/Foundation/Application.php(785): Illuminate\\Container\\Container->resolve()
#7 /var/www/html/Prepareurself/vendor/laravel/framework/src/Illuminate/Container/Container.php(629): Illuminate\\Foundation\\Application->resolve()
#8 /var/www/html/Prepareurself/vendor/laravel/framework/src/Illuminate/Foundation/Application.php(770): Illuminate\\Container\\Container->make()
#9 /var/www/html/Prepareurself/vendor/laravel/framework/src/Illuminate/Container/Container.php(945): Illuminate\\Foundation\\Application->make()
#10 /var/www/html/Prepareurself/vendor/laravel/framework/src/Illuminate/Container/Container.php(873): Illuminate\\Container\\Container->resolveClass()
#11 /var/www/html/Prepareurself/vendor/laravel/framework/src/Illuminate/Container/Container.php(834): Illuminate\\Container\\Container->resolveDependencies()
#12 /var/www/html/Prepareurself/vendor/laravel/framework/src/Illuminate/Container/Container.php(681): Illuminate\\Container\\Container->build()
#13 /var/www/html/Prepareurself/vendor/laravel/framework/src/Illuminate/Foundation/Application.php(785): Illuminate\\Container\\Container->resolve()
#14 /var/www/html/Prepareurself/vendor/laravel/framework/src/Illuminate/Container/Container.php(629): Illuminate\\Foundation\\Application->resolve()
#15 /var/www/html/Prepareurself/vendor/laravel/framework/src/Illuminate/Foundation/Application.php(770): Illuminate\\Container\\Container->make()
#16 /var/www/html/Prepareurself/vendor/laravel/framework/src/Illuminate/Pipeline/Pipeline.php(160): Illuminate\\Foundation\\Application->make()
#17 /var/www/html/Prepareurself/vendor/laravel/framework/src/Illuminate/Pipeline/Pipeline.php(105): Illuminate\\Pipeline\\Pipeline->Illuminate\\Pipeline\\{closure}()
#18 /var/www/html/Prepareurself/vendor/laravel/framework/src/Illuminate/Routing/Router.php(683): Illuminate\\Pipeline\\Pipeline->then()
#19 /var/www/html/Prepareurself/vendor/laravel/framework/src/Illuminate/Routing/Router.php(658): Illuminate\\Routing\\Router->runRouteWithinStack()
#20 /var/www/html/Prepareurself/vendor/laravel/framework/src/Illuminate/Routing/Router.php(624): Illuminate\\Routing\\Router->runRoute()
#21 /var/www/html/Prepareurself/vendor/laravel/framework/src/Illuminate/Routing/Router.php(613): Illuminate\\Routing\\Router->dispatchToRoute()
#22 /var/www/html/Prepareurself/vendor/laravel/framework/src/Illuminate/Foundation/Http/Kernel.php(170): Illuminate\\Routing\\Router->dispatch()
#23 /var/www/html/Prepareurself/vendor/laravel/framework/src/Illuminate/Pipeline/Pipeline.php(130): Illuminate\\Foundation\\Http\\Kernel->Illuminate\\Foundation\\Http\\{closure}()
#24 /var/www/html/Prepareurself/vendor/laravel/framework/src/Illuminate/Foundation/Http/Middleware/TransformsRequest.php(21): Illuminate\\Pipeline\\Pipeline->Illuminate\\Pipeline\\{closure}()
#25 /var/www/html/Prepareurself/vendor/laravel/framework/src/Illuminate/Pipeline/Pipeline.php(171): Illuminate\\Foundation\\Http\\Middleware\\TransformsRequest->handle()
#26 /var/www/html/Prepareurself/vendor/laravel/framework/src/Illuminate/Foundation/Http/Middleware/TransformsRequest.php(21): Illuminate\\Pipeline\\Pipeline->Illuminate\\Pipeline\\{closure}()
#27 /var/www/html/Prepareurself/vendor/laravel/framework/src/Illuminate/Pipeline/Pipeline.php(171): Illuminate\\Foundation\\Http\\Middleware\\TransformsRequest->handle()
#28 /var/www/html/Prepareurself/vendor/laravel/framework/src/Illuminate/Foundation/Http/Middleware/ValidatePostSize.php(27): Illuminate\\Pipeline\\Pipeline->Illuminate\\Pipeline\\{closure}()
#29 /var/www/html/Prepareurself/vendor/laravel/framework/src/Illuminate/Pipeline/Pipeline.php(171): Illuminate\\Foundation\\Http\\Middleware\\ValidatePostSize->handle()
#30 /var/www/html/Prepareurself/vendor/laravel/framework/src/Illuminate/Foundation/Http/Middleware/CheckForMaintenanceMode.php(63): Illuminate\\Pipeline\\Pipeline->Illuminate\\Pipeline\\{closure}()
#31 /var/www/html/Prepareurself/vendor/laravel/framework/src/Illuminate/Pipeline/Pipeline.php(171): Illuminate\\Foundation\\Http\\Middleware\\CheckForMaintenanceMode->handle()
#32 /var/www/html/Prepareurself/vendor/fideloper/proxy/src/TrustProxies.php(57): Illuminate\\Pipeline\\Pipeline->Illuminate\\Pipeline\\{closure}()
#33 /var/www/html/Prepareurself/vendor/laravel/framework/src/Illuminate/Pipeline/Pipeline.php(171): Fideloper\\Proxy\\TrustProxies->handle()
#34 /var/www/html/Prepareurself/vendor/laravel/framework/src/Illuminate/Pipeline/Pipeline.php(105): Illuminate\\Pipeline\\Pipeline->Illuminate\\Pipeline\\{closure}()
#35 /var/www/html/Prepareurself/vendor/laravel/framework/src/Illuminate/Foundation/Http/Kernel.php(145): Illuminate\\Pipeline\\Pipeline->then()
#36 /var/www/html/Prepareurself/vendor/laravel/framework/src/Illuminate/Foundation/Http/Kernel.php(110): Illuminate\\Foundation\\Http\\Kernel->sendRequestThroughRouter()
#37 /var/www/html/Prepareurself/public/index.php(55): Illuminate\\Foundation\\Http\\Kernel->handle()
#38 {main}
"} 
[2021-08-03 07:22:33] production.ERROR: No application encryption key has been specified. {"exception":"[object] (RuntimeException(code: 0): No application encryption key has been specified. at /var/www/html/Prepareurself/vendor/laravel/framework/src/Illuminate/Encryption/EncryptionServiceProvider.php:80)
[stacktrace]
#0 /var/www/html/Prepareurself/vendor/laravel/framework/src/Illuminate/Support/helpers.php(422): Illuminate\\Encryption\\EncryptionServiceProvider->Illuminate\\Encryption\\{closure}()
#1 /var/www/html/Prepareurself/vendor/laravel/framework/src/Illuminate/Encryption/EncryptionServiceProvider.php(84): tap()
#2 /var/www/html/Prepareurself/vendor/laravel/framework/src/Illuminate/Encryption/EncryptionServiceProvider.php(61): Illuminate\\Encryption\\EncryptionServiceProvider->key()
#3 /var/www/html/Prepareurself/vendor/laravel/framework/src/Illuminate/Encryption/EncryptionServiceProvider.php(33): Illuminate\\Encryption\\EncryptionServiceProvider->parseKey()
#4 /var/www/html/Prepareurself/vendor/laravel/framework/src/Illuminate/Container/Container.php(799): Illuminate\\Encryption\\EncryptionServiceProvider->Illuminate\\Encryption\\{closure}()
#5 /var/www/html/Prepareurself/vendor/laravel/framework/src/Illuminate/Container/Container.php(681): Illuminate\\Container\\Container->build()
#6 /var/www/html/Prepareurself/vendor/laravel/framework/src/Illuminate/Foundation/Application.php(785): Illuminate\\Container\\Container->resolve()
#7 /var/www/html/Prepareurself/vendor/laravel/framework/src/Illuminate/Container/Container.php(629): Illuminate\\Foundation\\Application->resolve()
#8 /var/www/html/Prepareurself/vendor/laravel/framework/src/Illuminate/Foundation/Application.php(770): Illuminate\\Container\\Container->make()
#9 /var/www/html/Prepareurself/vendor/laravel/framework/src/Illuminate/Container/Container.php(945): Illuminate\\Foundation\\Application->make()
#10 /var/www/html/Prepareurself/vendor/laravel/framework/src/Illuminate/Container/Container.php(873): Illuminate\\Container\\Container->resolveClass()
#11 /var/www/html/Prepareurself/vendor/laravel/framework/src/Illuminate/Container/Container.php(834): Illuminate\\Container\\Container->resolveDependencies()
#12 /var/www/html/Prepareurself/vendor/laravel/framework/src/Illuminate/Container/Container.php(681): Illuminate\\Container\\Container->build()
#13 /var/www/html/Prepareurself/vendor/laravel/framework/src/Illuminate/Foundation/Application.php(785): Illuminate\\Container\\Container->resolve()
#14 /var/www/html/Prepareurself/vendor/laravel/framework/src/Illuminate/Container/Container.php(629): Illuminate\\Foundation\\Application->resolve()
#15 /var/www/html/Prepareurself/vendor/laravel/framework/src/Illuminate/Foundation/Application.php(770): Illuminate\\Container\\Container->make()
#16 /var/www/html/Prepareurself/vendor/laravel/framework/src/Illuminate/Foundation/Http/Kernel.php(209): Illuminate\\Foundation\\Application->make()
#17 /var/www/html/Prepareurself/vendor/laravel/framework/src/Illuminate/Foundation/Http/Kernel.php(183): Illuminate\\Foundation\\Http\\Kernel->terminateMiddleware()
#18 /var/www/html/Prepareurself/public/index.php(60): Illuminate\\Foundation\\Http\\Kernel->terminate()
#19 {main}
"} 
[2021-08-03 07:32:25] local.ERROR: The only supported ciphers are AES-128-CBC and AES-256-CBC with the correct key lengths. {"exception":"[object] (RuntimeException(code: 0): The only supported ciphers are AES-128-CBC and AES-256-CBC with the correct key lengths. at /var/www/html/Prepareurself/vendor/laravel/framework/src/Illuminate/Encryption/Encrypter.php:43)
[stacktrace]
#0 /var/www/html/Prepareurself/vendor/laravel/framework/src/Illuminate/Encryption/EncryptionServiceProvider.php(33): Illuminate\\Encryption\\Encrypter->__construct()
#1 /var/www/html/Prepareurself/vendor/laravel/framework/src/Illuminate/Container/Container.php(799): Illuminate\\Encryption\\EncryptionServiceProvider->Illuminate\\Encryption\\{closure}()
#2 /var/www/html/Prepareurself/vendor/laravel/framework/src/Illuminate/Container/Container.php(681): Illuminate\\Container\\Container->build()
#3 /var/www/html/Prepareurself/vendor/laravel/framework/src/Illuminate/Foundation/Application.php(785): Illuminate\\Container\\Container->resolve()
#4 /var/www/html/Prepareurself/vendor/laravel/framework/src/Illuminate/Container/Container.php(629): Illuminate\\Foundation\\Application->resolve()
#5 /var/www/html/Prepareurself/vendor/laravel/framework/src/Illuminate/Foundation/Application.php(770): Illuminate\\Container\\Container->make()
#6 /var/www/html/Prepareurself/vendor/laravel/framework/src/Illuminate/Container/Container.php(945): Illuminate\\Foundation\\Application->make()
#7 /var/www/html/Prepareurself/vendor/laravel/framework/src/Illuminate/Container/Container.php(873): Illuminate\\Container\\Container->resolveClass()
#8 /var/www/html/Prepareurself/vendor/laravel/framework/src/Illuminate/Container/Container.php(834): Illuminate\\Container\\Container->resolveDependencies()
#9 /var/www/html/Prepareurself/vendor/laravel/framework/src/Illuminate/Container/Container.php(681): Illuminate\\Container\\Container->build()
#10 /var/www/html/Prepareurself/vendor/laravel/framework/src/Illuminate/Foundation/Application.php(785): Illuminate\\Container\\Container->resolve()
#11 /var/www/html/Prepareurself/vendor/laravel/framework/src/Illuminate/Container/Container.php(629): Illuminate\\Foundation\\Application->resolve()
#12 /var/www/html/Prepareurself/vendor/laravel/framework/src/Illuminate/Foundation/Application.php(770): Illuminate\\Container\\Container->make()
#13 /var/www/html/Prepareurself/vendor/laravel/framework/src/Illuminate/Pipeline/Pipeline.php(160): Illuminate\\Foundation\\Application->make()
#14 /var/www/html/Prepareurself/vendor/laravel/framework/src/Illuminate/Pipeline/Pipeline.php(105): Illuminate\\Pipeline\\Pipeline->Illuminate\\Pipeline\\{closure}()
#15 /var/www/html/Prepareurself/vendor/laravel/framework/src/Illuminate/Routing/Router.php(683): Illuminate\\Pipeline\\Pipeline->then()
#16 /var/www/html/Prepareurself/vendor/laravel/framework/src/Illuminate/Routing/Router.php(658): Illuminate\\Routing\\Router->runRouteWithinStack()
#17 /var/www/html/Prepareurself/vendor/laravel/framework/src/Illuminate/Routing/Router.php(624): Illuminate\\Routing\\Router->runRoute()
#18 /var/www/html/Prepareurself/vendor/laravel/framework/src/Illuminate/Routing/Router.php(613): Illuminate\\Routing\\Router->dispatchToRoute()
#19 /var/www/html/Prepareurself/vendor/laravel/framework/src/Illuminate/Foundation/Http/Kernel.php(170): Illuminate\\Routing\\Router->dispatch()
#20 /var/www/html/Prepareurself/vendor/laravel/framework/src/Illuminate/Pipeline/Pipeline.php(130): Illuminate\\Foundation\\Http\\Kernel->Illuminate\\Foundation\\Http\\{closure}()
#21 /var/www/html/Prepareurself/vendor/laravel/framework/src/Illuminate/Foundation/Http/Middleware/TransformsRequest.php(21): Illuminate\\Pipeline\\Pipeline->Illuminate\\Pipeline\\{closure}()
#22 /var/www/html/Prepareurself/vendor/laravel/framework/src/Illuminate/Pipeline/Pipeline.php(171): Illuminate\\Foundation\\Http\\Middleware\\TransformsRequest->handle()
#23 /var/www/html/Prepareurself/vendor/laravel/framework/src/Illuminate/Foundation/Http/Middleware/TransformsRequest.php(21): Illuminate\\Pipeline\\Pipeline->Illuminate\\Pipeline\\{closure}()
#24 /var/www/html/Prepareurself/vendor/laravel/framework/src/Illuminate/Pipeline/Pipeline.php(171): Illuminate\\Foundation\\Http\\Middleware\\TransformsRequest->handle()
#25 /var/www/html/Prepareurself/vendor/laravel/framework/src/Illuminate/Foundation/Http/Middleware/ValidatePostSize.php(27): Illuminate\\Pipeline\\Pipeline->Illuminate\\Pipeline\\{closure}()
#26 /var/www/html/Prepareurself/vendor/laravel/framework/src/Illuminate/Pipeline/Pipeline.php(171): Illuminate\\Foundation\\Http\\Middleware\\ValidatePostSize->handle()
#27 /var/www/html/Prepareurself/vendor/laravel/framework/src/Illuminate/Foundation/Http/Middleware/CheckForMaintenanceMode.php(63): Illuminate\\Pipeline\\Pipeline->Illuminate\\Pipeline\\{closure}()
#28 /var/www/html/Prepareurself/vendor/laravel/framework/src/Illuminate/Pipeline/Pipeline.php(171): Illuminate\\Foundation\\Http\\Middleware\\CheckForMaintenanceMode->handle()
#29 /var/www/html/Prepareurself/vendor/fideloper/proxy/src/TrustProxies.php(57): Illuminate\\Pipeline\\Pipeline->Illuminate\\Pipeline\\{closure}()
#30 /var/www/html/Prepareurself/vendor/laravel/framework/src/Illuminate/Pipeline/Pipeline.php(171): Fideloper\\Proxy\\TrustProxies->handle()
#31 /var/www/html/Prepareurself/vendor/laravel/framework/src/Illuminate/Pipeline/Pipeline.php(105): Illuminate\\Pipeline\\Pipeline->Illuminate\\Pipeline\\{closure}()
#32 /var/www/html/Prepareurself/vendor/laravel/framework/src/Illuminate/Foundation/Http/Kernel.php(145): Illuminate\\Pipeline\\Pipeline->then()
#33 /var/www/html/Prepareurself/vendor/laravel/framework/src/Illuminate/Foundation/Http/Kernel.php(110): Illuminate\\Foundation\\Http\\Kernel->sendRequestThroughRouter()
#34 /var/www/html/Prepareurself/public/index.php(55): Illuminate\\Foundation\\Http\\Kernel->handle()
#35 {main}
"} 
[2021-08-03 07:32:25] local.ERROR: Curl error (code 6): Could not resolve host: slack-web-hook-url-here {"exception":"[object] (RuntimeException(code: 0): Curl error (code 6): Could not resolve host: slack-web-hook-url-here at /var/www/html/Prepareurself/vendor/monolog/monolog/src/Monolog/Handler/Curl/Util.php:53)
[stacktrace]
#0 /var/www/html/Prepareurself/vendor/monolog/monolog/src/Monolog/Handler/SlackWebhookHandler.php(112): Monolog\\Handler\\Curl\\Util::execute()
#1 /var/www/html/Prepareurself/vendor/monolog/monolog/src/Monolog/Handler/AbstractProcessingHandler.php(42): Monolog\\Handler\\SlackWebhookHandler->write()
#2 /var/www/html/Prepareurself/vendor/monolog/monolog/src/Monolog/Logger.php(323): Monolog\\Handler\\AbstractProcessingHandler->handle()
#3 /var/www/html/Prepareurself/vendor/monolog/monolog/src/Monolog/Logger.php(541): Monolog\\Logger->addRecord()
#4 /var/www/html/Prepareurself/vendor/laravel/framework/src/Illuminate/Log/Logger.php(176): Monolog\\Logger->error()
#5 /var/www/html/Prepareurself/vendor/laravel/framework/src/Illuminate/Log/Logger.php(87): Illuminate\\Log\\Logger->writeLog()
#6 /var/www/html/Prepareurself/vendor/laravel/framework/src/Illuminate/Log/LogManager.php(547): Illuminate\\Log\\Logger->error()
#7 /var/www/html/Prepareurself/vendor/laravel/framework/src/Illuminate/Foundation/Exceptions/Handler.php(121): Illuminate\\Log\\LogManager->error()
#8 /var/www/html/Prepareurself/app/Exceptions/Handler.php(40): Illuminate\\Foundation\\Exceptions\\Handler->report()
#9 /var/www/html/Prepareurself/vendor/laravel/framework/src/Illuminate/Routing/Pipeline.php(49): App\\Exceptions\\Handler->report()
#10 /var/www/html/Prepareurself/vendor/laravel/framework/src/Illuminate/Pipeline/Pipeline.php(176): Illuminate\\Routing\\Pipeline->handleException()
#11 /var/www/html/Prepareurself/vendor/laravel/framework/src/Illuminate/Pipeline/Pipeline.php(105): Illuminate\\Pipeline\\Pipeline->Illuminate\\Pipeline\\{closure}()
#12 /var/www/html/Prepareurself/vendor/laravel/framework/src/Illuminate/Routing/Router.php(683): Illuminate\\Pipeline\\Pipeline->then()
#13 /var/www/html/Prepareurself/vendor/laravel/framework/src/Illuminate/Routing/Router.php(658): Illuminate\\Routing\\Router->runRouteWithinStack()
#14 /var/www/html/Prepareurself/vendor/laravel/framework/src/Illuminate/Routing/Router.php(624): Illuminate\\Routing\\Router->runRoute()
#15 /var/www/html/Prepareurself/vendor/laravel/framework/src/Illuminate/Routing/Router.php(613): Illuminate\\Routing\\Router->dispatchToRoute()
#16 /var/www/html/Prepareurself/vendor/laravel/framework/src/Illuminate/Foundation/Http/Kernel.php(170): Illuminate\\Routing\\Router->dispatch()
#17 /var/www/html/Prepareurself/vendor/laravel/framework/src/Illuminate/Pipeline/Pipeline.php(130): Illuminate\\Foundation\\Http\\Kernel->Illuminate\\Foundation\\Http\\{closure}()
#18 /var/www/html/Prepareurself/vendor/laravel/framework/src/Illuminate/Foundation/Http/Middleware/TransformsRequest.php(21): Illuminate\\Pipeline\\Pipeline->Illuminate\\Pipeline\\{closure}()
#19 /var/www/html/Prepareurself/vendor/laravel/framework/src/Illuminate/Pipeline/Pipeline.php(171): Illuminate\\Foundation\\Http\\Middleware\\TransformsRequest->handle()
#20 /var/www/html/Prepareurself/vendor/laravel/framework/src/Illuminate/Foundation/Http/Middleware/TransformsRequest.php(21): Illuminate\\Pipeline\\Pipeline->Illuminate\\Pipeline\\{closure}()
#21 /var/www/html/Prepareurself/vendor/laravel/framework/src/Illuminate/Pipeline/Pipeline.php(171): Illuminate\\Foundation\\Http\\Middleware\\TransformsRequest->handle()
#22 /var/www/html/Prepareurself/vendor/laravel/framework/src/Illuminate/Foundation/Http/Middleware/ValidatePostSize.php(27): Illuminate\\Pipeline\\Pipeline->Illuminate\\Pipeline\\{closure}()
#23 /var/www/html/Prepareurself/vendor/laravel/framework/src/Illuminate/Pipeline/Pipeline.php(171): Illuminate\\Foundation\\Http\\Middleware\\ValidatePostSize->handle()
#24 /var/www/html/Prepareurself/vendor/laravel/framework/src/Illuminate/Foundation/Http/Middleware/CheckForMaintenanceMode.php(63): Illuminate\\Pipeline\\Pipeline->Illuminate\\Pipeline\\{closure}()
#25 /var/www/html/Prepareurself/vendor/laravel/framework/src/Illuminate/Pipeline/Pipeline.php(171): Illuminate\\Foundation\\Http\\Middleware\\CheckForMaintenanceMode->handle()
#26 /var/www/html/Prepareurself/vendor/fideloper/proxy/src/TrustProxies.php(57): Illuminate\\Pipeline\\Pipeline->Illuminate\\Pipeline\\{closure}()
#27 /var/www/html/Prepareurself/vendor/laravel/framework/src/Illuminate/Pipeline/Pipeline.php(171): Fideloper\\Proxy\\TrustProxies->handle()
#28 /var/www/html/Prepareurself/vendor/laravel/framework/src/Illuminate/Pipeline/Pipeline.php(105): Illuminate\\Pipeline\\Pipeline->Illuminate\\Pipeline\\{closure}()
#29 /var/www/html/Prepareurself/vendor/laravel/framework/src/Illuminate/Foundation/Http/Kernel.php(145): Illuminate\\Pipeline\\Pipeline->then()
#30 /var/www/html/Prepareurself/vendor/laravel/framework/src/Illuminate/Foundation/Http/Kernel.php(110): Illuminate\\Foundation\\Http\\Kernel->sendRequestThroughRouter()
#31 /var/www/html/Prepareurself/public/index.php(55): Illuminate\\Foundation\\Http\\Kernel->handle()
#32 {main}
"} 
[2021-08-03 07:32:25] local.ERROR: Curl error (code 6): Could not resolve host: slack-web-hook-url-here {"exception":"[object] (RuntimeException(code: 0): Curl error (code 6): Could not resolve host: slack-web-hook-url-here at /var/www/html/Prepareurself/vendor/monolog/monolog/src/Monolog/Handler/Curl/Util.php:53)
[stacktrace]
#0 /var/www/html/Prepareurself/vendor/monolog/monolog/src/Monolog/Handler/SlackWebhookHandler.php(112): Monolog\\Handler\\Curl\\Util::execute()
#1 /var/www/html/Prepareurself/vendor/monolog/monolog/src/Monolog/Handler/AbstractProcessingHandler.php(42): Monolog\\Handler\\SlackWebhookHandler->write()
#2 /var/www/html/Prepareurself/vendor/monolog/monolog/src/Monolog/Logger.php(323): Monolog\\Handler\\AbstractProcessingHandler->handle()
#3 /var/www/html/Prepareurself/vendor/monolog/monolog/src/Monolog/Logger.php(541): Monolog\\Logger->addRecord()
#4 /var/www/html/Prepareurself/vendor/laravel/framework/src/Illuminate/Log/Logger.php(176): Monolog\\Logger->error()
#5 /var/www/html/Prepareurself/vendor/laravel/framework/src/Illuminate/Log/Logger.php(87): Illuminate\\Log\\Logger->writeLog()
#6 /var/www/html/Prepareurself/vendor/laravel/framework/src/Illuminate/Log/LogManager.php(547): Illuminate\\Log\\Logger->error()
#7 /var/www/html/Prepareurself/vendor/laravel/framework/src/Illuminate/Foundation/Exceptions/Handler.php(121): Illuminate\\Log\\LogManager->error()
#8 /var/www/html/Prepareurself/app/Exceptions/Handler.php(40): Illuminate\\Foundation\\Exceptions\\Handler->report()
#9 /var/www/html/Prepareurself/vendor/laravel/framework/src/Illuminate/Routing/Pipeline.php(49): App\\Exceptions\\Handler->report()
#10 /var/www/html/Prepareurself/vendor/laravel/framework/src/Illuminate/Pipeline/Pipeline.php(132): Illuminate\\Routing\\Pipeline->handleException()
#11 /var/www/html/Prepareurself/vendor/laravel/framework/src/Illuminate/Foundation/Http/Middleware/TransformsRequest.php(21): Illuminate\\Pipeline\\Pipeline->Illuminate\\Pipeline\\{closure}()
#12 /var/www/html/Prepareurself/vendor/laravel/framework/src/Illuminate/Pipeline/Pipeline.php(171): Illuminate\\Foundation\\Http\\Middleware\\TransformsRequest->handle()
#13 /var/www/html/Prepareurself/vendor/laravel/framework/src/Illuminate/Foundation/Http/Middleware/TransformsRequest.php(21): Illuminate\\Pipeline\\Pipeline->Illuminate\\Pipeline\\{closure}()
#14 /var/www/html/Prepareurself/vendor/laravel/framework/src/Illuminate/Pipeline/Pipeline.php(171): Illuminate\\Foundation\\Http\\Middleware\\TransformsRequest->handle()
#15 /var/www/html/Prepareurself/vendor/laravel/framework/src/Illuminate/Foundation/Http/Middleware/ValidatePostSize.php(27): Illuminate\\Pipeline\\Pipeline->Illuminate\\Pipeline\\{closure}()
#16 /var/www/html/Prepareurself/vendor/laravel/framework/src/Illuminate/Pipeline/Pipeline.php(171): Illuminate\\Foundation\\Http\\Middleware\\ValidatePostSize->handle()
#17 /var/www/html/Prepareurself/vendor/laravel/framework/src/Illuminate/Foundation/Http/Middleware/CheckForMaintenanceMode.php(63): Illuminate\\Pipeline\\Pipeline->Illuminate\\Pipeline\\{closure}()
#18 /var/www/html/Prepareurself/vendor/laravel/framework/src/Illuminate/Pipeline/Pipeline.php(171): Illuminate\\Foundation\\Http\\Middleware\\CheckForMaintenanceMode->handle()
#19 /var/www/html/Prepareurself/vendor/fideloper/proxy/src/TrustProxies.php(57): Illuminate\\Pipeline\\Pipeline->Illuminate\\Pipeline\\{closure}()
#20 /var/www/html/Prepareurself/vendor/laravel/framework/src/Illuminate/Pipeline/Pipeline.php(171): Fideloper\\Proxy\\TrustProxies->handle()
#21 /var/www/html/Prepareurself/vendor/laravel/framework/src/Illuminate/Pipeline/Pipeline.php(105): Illuminate\\Pipeline\\Pipeline->Illuminate\\Pipeline\\{closure}()
#22 /var/www/html/Prepareurself/vendor/laravel/framework/src/Illuminate/Foundation/Http/Kernel.php(145): Illuminate\\Pipeline\\Pipeline->then()
#23 /var/www/html/Prepareurself/vendor/laravel/framework/src/Illuminate/Foundation/Http/Kernel.php(110): Illuminate\\Foundation\\Http\\Kernel->sendRequestThroughRouter()
#24 /var/www/html/Prepareurself/public/index.php(55): Illuminate\\Foundation\\Http\\Kernel->handle()
#25 {main}
"} 
[2021-08-03 07:32:25] local.ERROR: Curl error (code 6): Could not resolve host: slack-web-hook-url-here {"exception":"[object] (RuntimeException(code: 0): Curl error (code 6): Could not resolve host: slack-web-hook-url-here at /var/www/html/Prepareurself/vendor/monolog/monolog/src/Monolog/Handler/Curl/Util.php:53)
[stacktrace]
#0 /var/www/html/Prepareurself/vendor/monolog/monolog/src/Monolog/Handler/SlackWebhookHandler.php(112): Monolog\\Handler\\Curl\\Util::execute()
#1 /var/www/html/Prepareurself/vendor/monolog/monolog/src/Monolog/Handler/AbstractProcessingHandler.php(42): Monolog\\Handler\\SlackWebhookHandler->write()
#2 /var/www/html/Prepareurself/vendor/monolog/monolog/src/Monolog/Logger.php(323): Monolog\\Handler\\AbstractProcessingHandler->handle()
#3 /var/www/html/Prepareurself/vendor/monolog/monolog/src/Monolog/Logger.php(541): Monolog\\Logger->addRecord()
#4 /var/www/html/Prepareurself/vendor/laravel/framework/src/Illuminate/Log/Logger.php(176): Monolog\\Logger->error()
#5 /var/www/html/Prepareurself/vendor/laravel/framework/src/Illuminate/Log/Logger.php(87): Illuminate\\Log\\Logger->writeLog()
#6 /var/www/html/Prepareurself/vendor/laravel/framework/src/Illuminate/Log/LogManager.php(547): Illuminate\\Log\\Logger->error()
#7 /var/www/html/Prepareurself/vendor/laravel/framework/src/Illuminate/Foundation/Exceptions/Handler.php(121): Illuminate\\Log\\LogManager->error()
#8 /var/www/html/Prepareurself/app/Exceptions/Handler.php(40): Illuminate\\Foundation\\Exceptions\\Handler->report()
#9 /var/www/html/Prepareurself/vendor/laravel/framework/src/Illuminate/Routing/Pipeline.php(49): App\\Exceptions\\Handler->report()
#10 /var/www/html/Prepareurself/vendor/laravel/framework/src/Illuminate/Pipeline/Pipeline.php(176): Illuminate\\Routing\\Pipeline->handleException()
#11 /var/www/html/Prepareurself/vendor/laravel/framework/src/Illuminate/Foundation/Http/Middleware/TransformsRequest.php(21): Illuminate\\Pipeline\\Pipeline->Illuminate\\Pipeline\\{closure}()
#12 /var/www/html/Prepareurself/vendor/laravel/framework/src/Illuminate/Pipeline/Pipeline.php(171): Illuminate\\Foundation\\Http\\Middleware\\TransformsRequest->handle()
#13 /var/www/html/Prepareurself/vendor/laravel/framework/src/Illuminate/Foundation/Http/Middleware/ValidatePostSize.php(27): Illuminate\\Pipeline\\Pipeline->Illuminate\\Pipeline\\{closure}()
#14 /var/www/html/Prepareurself/vendor/laravel/framework/src/Illuminate/Pipeline/Pipeline.php(171): Illuminate\\Foundation\\Http\\Middleware\\ValidatePostSize->handle()
#15 /var/www/html/Prepareurself/vendor/laravel/framework/src/Illuminate/Foundation/Http/Middleware/CheckForMaintenanceMode.php(63): Illuminate\\Pipeline\\Pipeline->Illuminate\\Pipeline\\{closure}()
#16 /var/www/html/Prepareurself/vendor/laravel/framework/src/Illuminate/Pipeline/Pipeline.php(171): Illuminate\\Foundation\\Http\\Middleware\\CheckForMaintenanceMode->handle()
#17 /var/www/html/Prepareurself/vendor/fideloper/proxy/src/TrustProxies.php(57): Illuminate\\Pipeline\\Pipeline->Illuminate\\Pipeline\\{closure}()
#18 /var/www/html/Prepareurself/vendor/laravel/framework/src/Illuminate/Pipeline/Pipeline.php(171): Fideloper\\Proxy\\TrustProxies->handle()
#19 /var/www/html/Prepareurself/vendor/laravel/framework/src/Illuminate/Pipeline/Pipeline.php(105): Illuminate\\Pipeline\\Pipeline->Illuminate\\Pipeline\\{closure}()
#20 /var/www/html/Prepareurself/vendor/laravel/framework/src/Illuminate/Foundation/Http/Kernel.php(145): Illuminate\\Pipeline\\Pipeline->then()
#21 /var/www/html/Prepareurself/vendor/laravel/framework/src/Illuminate/Foundation/Http/Kernel.php(110): Illuminate\\Foundation\\Http\\Kernel->sendRequestThroughRouter()
#22 /var/www/html/Prepareurself/public/index.php(55): Illuminate\\Foundation\\Http\\Kernel->handle()
#23 {main}
"} 
[2021-08-03 07:32:25] local.ERROR: Curl error (code 6): Could not resolve host: slack-web-hook-url-here {"exception":"[object] (RuntimeException(code: 0): Curl error (code 6): Could not resolve host: slack-web-hook-url-here at /var/www/html/Prepareurself/vendor/monolog/monolog/src/Monolog/Handler/Curl/Util.php:53)
[stacktrace]
#0 /var/www/html/Prepareurself/vendor/monolog/monolog/src/Monolog/Handler/SlackWebhookHandler.php(112): Monolog\\Handler\\Curl\\Util::execute()
#1 /var/www/html/Prepareurself/vendor/monolog/monolog/src/Monolog/Handler/AbstractProcessingHandler.php(42): Monolog\\Handler\\SlackWebhookHandler->write()
#2 /var/www/html/Prepareurself/vendor/monolog/monolog/src/Monolog/Logger.php(323): Monolog\\Handler\\AbstractProcessingHandler->handle()
#3 /var/www/html/Prepareurself/vendor/monolog/monolog/src/Monolog/Logger.php(541): Monolog\\Logger->addRecord()
#4 /var/www/html/Prepareurself/vendor/laravel/framework/src/Illuminate/Log/Logger.php(176): Monolog\\Logger->error()
#5 /var/www/html/Prepareurself/vendor/laravel/framework/src/Illuminate/Log/Logger.php(87): Illuminate\\Log\\Logger->writeLog()
#6 /var/www/html/Prepareurself/vendor/laravel/framework/src/Illuminate/Log/LogManager.php(547): Illuminate\\Log\\Logger->error()
#7 /var/www/html/Prepareurself/vendor/laravel/framework/src/Illuminate/Foundation/Exceptions/Handler.php(121): Illuminate\\Log\\LogManager->error()
#8 /var/www/html/Prepareurself/app/Exceptions/Handler.php(40): Illuminate\\Foundation\\Exceptions\\Handler->report()
#9 /var/www/html/Prepareurself/vendor/laravel/framework/src/Illuminate/Routing/Pipeline.php(49): App\\Exceptions\\Handler->report()
#10 /var/www/html/Prepareurself/vendor/laravel/framework/src/Illuminate/Pipeline/Pipeline.php(176): Illuminate\\Routing\\Pipeline->handleException()
#11 /var/www/html/Prepareurself/vendor/laravel/framework/src/Illuminate/Foundation/Http/Middleware/ValidatePostSize.php(27): Illuminate\\Pipeline\\Pipeline->Illuminate\\Pipeline\\{closure}()
#12 /var/www/html/Prepareurself/vendor/laravel/framework/src/Illuminate/Pipeline/Pipeline.php(171): Illuminate\\Foundation\\Http\\Middleware\\ValidatePostSize->handle()
#13 /var/www/html/Prepareurself/vendor/laravel/framework/src/Illuminate/Foundation/Http/Middleware/CheckForMaintenanceMode.php(63): Illuminate\\Pipeline\\Pipeline->Illuminate\\Pipeline\\{closure}()
#14 /var/www/html/Prepareurself/vendor/laravel/framework/src/Illuminate/Pipeline/Pipeline.php(171): Illuminate\\Foundation\\Http\\Middleware\\CheckForMaintenanceMode->handle()
#15 /var/www/html/Prepareurself/vendor/fideloper/proxy/src/TrustProxies.php(57): Illuminate\\Pipeline\\Pipeline->Illuminate\\Pipeline\\{closure}()
#16 /var/www/html/Prepareurself/vendor/laravel/framework/src/Illuminate/Pipeline/Pipeline.php(171): Fideloper\\Proxy\\TrustProxies->handle()
#17 /var/www/html/Prepareurself/vendor/laravel/framework/src/Illuminate/Pipeline/Pipeline.php(105): Illuminate\\Pipeline\\Pipeline->Illuminate\\Pipeline\\{closure}()
#18 /var/www/html/Prepareurself/vendor/laravel/framework/src/Illuminate/Foundation/Http/Kernel.php(145): Illuminate\\Pipeline\\Pipeline->then()
#19 /var/www/html/Prepareurself/vendor/laravel/framework/src/Illuminate/Foundation/Http/Kernel.php(110): Illuminate\\Foundation\\Http\\Kernel->sendRequestThroughRouter()
#20 /var/www/html/Prepareurself/public/index.php(55): Illuminate\\Foundation\\Http\\Kernel->handle()
#21 {main}
"} 
[2021-08-03 07:32:25] local.ERROR: Curl error (code 6): Could not resolve host: slack-web-hook-url-here {"exception":"[object] (RuntimeException(code: 0): Curl error (code 6): Could not resolve host: slack-web-hook-url-here at /var/www/html/Prepareurself/vendor/monolog/monolog/src/Monolog/Handler/Curl/Util.php:53)
[stacktrace]
#0 /var/www/html/Prepareurself/vendor/monolog/monolog/src/Monolog/Handler/SlackWebhookHandler.php(112): Monolog\\Handler\\Curl\\Util::execute()
#1 /var/www/html/Prepareurself/vendor/monolog/monolog/src/Monolog/Handler/AbstractProcessingHandler.php(42): Monolog\\Handler\\SlackWebhookHandler->write()
#2 /var/www/html/Prepareurself/vendor/monolog/monolog/src/Monolog/Logger.php(323): Monolog\\Handler\\AbstractProcessingHandler->handle()
#3 /var/www/html/Prepareurself/vendor/monolog/monolog/src/Monolog/Logger.php(541): Monolog\\Logger->addRecord()
#4 /var/www/html/Prepareurself/vendor/laravel/framework/src/Illuminate/Log/Logger.php(176): Monolog\\Logger->error()
#5 /var/www/html/Prepareurself/vendor/laravel/framework/src/Illuminate/Log/Logger.php(87): Illuminate\\Log\\Logger->writeLog()
#6 /var/www/html/Prepareurself/vendor/laravel/framework/src/Illuminate/Log/LogManager.php(547): Illuminate\\Log\\Logger->error()
#7 /var/www/html/Prepareurself/vendor/laravel/framework/src/Illuminate/Foundation/Exceptions/Handler.php(121): Illuminate\\Log\\LogManager->error()
#8 /var/www/html/Prepareurself/app/Exceptions/Handler.php(40): Illuminate\\Foundation\\Exceptions\\Handler->report()
#9 /var/www/html/Prepareurself/vendor/laravel/framework/src/Illuminate/Routing/Pipeline.php(49): App\\Exceptions\\Handler->report()
#10 /var/www/html/Prepareurself/vendor/laravel/framework/src/Illuminate/Pipeline/Pipeline.php(176): Illuminate\\Routing\\Pipeline->handleException()
#11 /var/www/html/Prepareurself/vendor/laravel/framework/src/Illuminate/Foundation/Http/Middleware/CheckForMaintenanceMode.php(63): Illuminate\\Pipeline\\Pipeline->Illuminate\\Pipeline\\{closure}()
#12 /var/www/html/Prepareurself/vendor/laravel/framework/src/Illuminate/Pipeline/Pipeline.php(171): Illuminate\\Foundation\\Http\\Middleware\\CheckForMaintenanceMode->handle()
#13 /var/www/html/Prepareurself/vendor/fideloper/proxy/src/TrustProxies.php(57): Illuminate\\Pipeline\\Pipeline->Illuminate\\Pipeline\\{closure}()
#14 /var/www/html/Prepareurself/vendor/laravel/framework/src/Illuminate/Pipeline/Pipeline.php(171): Fideloper\\Proxy\\TrustProxies->handle()
#15 /var/www/html/Prepareurself/vendor/laravel/framework/src/Illuminate/Pipeline/Pipeline.php(105): Illuminate\\Pipeline\\Pipeline->Illuminate\\Pipeline\\{closure}()
#16 /var/www/html/Prepareurself/vendor/laravel/framework/src/Illuminate/Foundation/Http/Kernel.php(145): Illuminate\\Pipeline\\Pipeline->then()
#17 /var/www/html/Prepareurself/vendor/laravel/framework/src/Illuminate/Foundation/Http/Kernel.php(110): Illuminate\\Foundation\\Http\\Kernel->sendRequestThroughRouter()
#18 /var/www/html/Prepareurself/public/index.php(55): Illuminate\\Foundation\\Http\\Kernel->handle()
#19 {main}
"} 
[2021-08-03 07:32:25] local.ERROR: Curl error (code 6): Could not resolve host: slack-web-hook-url-here {"exception":"[object] (RuntimeException(code: 0): Curl error (code 6): Could not resolve host: slack-web-hook-url-here at /var/www/html/Prepareurself/vendor/monolog/monolog/src/Monolog/Handler/Curl/Util.php:53)
[stacktrace]
#0 /var/www/html/Prepareurself/vendor/monolog/monolog/src/Monolog/Handler/SlackWebhookHandler.php(112): Monolog\\Handler\\Curl\\Util::execute()
#1 /var/www/html/Prepareurself/vendor/monolog/monolog/src/Monolog/Handler/AbstractProcessingHandler.php(42): Monolog\\Handler\\SlackWebhookHandler->write()
#2 /var/www/html/Prepareurself/vendor/monolog/monolog/src/Monolog/Logger.php(323): Monolog\\Handler\\AbstractProcessingHandler->handle()
#3 /var/www/html/Prepareurself/vendor/monolog/monolog/src/Monolog/Logger.php(541): Monolog\\Logger->addRecord()
#4 /var/www/html/Prepareurself/vendor/laravel/framework/src/Illuminate/Log/Logger.php(176): Monolog\\Logger->error()
#5 /var/www/html/Prepareurself/vendor/laravel/framework/src/Illuminate/Log/Logger.php(87): Illuminate\\Log\\Logger->writeLog()
#6 /var/www/html/Prepareurself/vendor/laravel/framework/src/Illuminate/Log/LogManager.php(547): Illuminate\\Log\\Logger->error()
#7 /var/www/html/Prepareurself/vendor/laravel/framework/src/Illuminate/Foundation/Exceptions/Handler.php(121): Illuminate\\Log\\LogManager->error()
#8 /var/www/html/Prepareurself/app/Exceptions/Handler.php(40): Illuminate\\Foundation\\Exceptions\\Handler->report()
#9 /var/www/html/Prepareurself/vendor/laravel/framework/src/Illuminate/Routing/Pipeline.php(49): App\\Exceptions\\Handler->report()
#10 /var/www/html/Prepareurself/vendor/laravel/framework/src/Illuminate/Pipeline/Pipeline.php(176): Illuminate\\Routing\\Pipeline->handleException()
#11 /var/www/html/Prepareurself/vendor/fideloper/proxy/src/TrustProxies.php(57): Illuminate\\Pipeline\\Pipeline->Illuminate\\Pipeline\\{closure}()
#12 /var/www/html/Prepareurself/vendor/laravel/framework/src/Illuminate/Pipeline/Pipeline.php(171): Fideloper\\Proxy\\TrustProxies->handle()
#13 /var/www/html/Prepareurself/vendor/laravel/framework/src/Illuminate/Pipeline/Pipeline.php(105): Illuminate\\Pipeline\\Pipeline->Illuminate\\Pipeline\\{closure}()
#14 /var/www/html/Prepareurself/vendor/laravel/framework/src/Illuminate/Foundation/Http/Kernel.php(145): Illuminate\\Pipeline\\Pipeline->then()
#15 /var/www/html/Prepareurself/vendor/laravel/framework/src/Illuminate/Foundation/Http/Kernel.php(110): Illuminate\\Foundation\\Http\\Kernel->sendRequestThroughRouter()
#16 /var/www/html/Prepareurself/public/index.php(55): Illuminate\\Foundation\\Http\\Kernel->handle()
#17 {main}
"} 
[2021-08-03 07:32:25] local.ERROR: Curl error (code 6): Could not resolve host: slack-web-hook-url-here {"exception":"[object] (RuntimeException(code: 0): Curl error (code 6): Could not resolve host: slack-web-hook-url-here at /var/www/html/Prepareurself/vendor/monolog/monolog/src/Monolog/Handler/Curl/Util.php:53)
[stacktrace]
#0 /var/www/html/Prepareurself/vendor/monolog/monolog/src/Monolog/Handler/SlackWebhookHandler.php(112): Monolog\\Handler\\Curl\\Util::execute()
#1 /var/www/html/Prepareurself/vendor/monolog/monolog/src/Monolog/Handler/AbstractProcessingHandler.php(42): Monolog\\Handler\\SlackWebhookHandler->write()
#2 /var/www/html/Prepareurself/vendor/monolog/monolog/src/Monolog/Logger.php(323): Monolog\\Handler\\AbstractProcessingHandler->handle()
#3 /var/www/html/Prepareurself/vendor/monolog/monolog/src/Monolog/Logger.php(541): Monolog\\Logger->addRecord()
#4 /var/www/html/Prepareurself/vendor/laravel/framework/src/Illuminate/Log/Logger.php(176): Monolog\\Logger->error()
#5 /var/www/html/Prepareurself/vendor/laravel/framework/src/Illuminate/Log/Logger.php(87): Illuminate\\Log\\Logger->writeLog()
#6 /var/www/html/Prepareurself/vendor/laravel/framework/src/Illuminate/Log/LogManager.php(547): Illuminate\\Log\\Logger->error()
#7 /var/www/html/Prepareurself/vendor/laravel/framework/src/Illuminate/Foundation/Exceptions/Handler.php(121): Illuminate\\Log\\LogManager->error()
#8 /var/www/html/Prepareurself/app/Exceptions/Handler.php(40): Illuminate\\Foundation\\Exceptions\\Handler->report()
#9 /var/www/html/Prepareurself/vendor/laravel/framework/src/Illuminate/Routing/Pipeline.php(49): App\\Exceptions\\Handler->report()
#10 /var/www/html/Prepareurself/vendor/laravel/framework/src/Illuminate/Pipeline/Pipeline.php(176): Illuminate\\Routing\\Pipeline->handleException()
#11 /var/www/html/Prepareurself/vendor/laravel/framework/src/Illuminate/Pipeline/Pipeline.php(105): Illuminate\\Pipeline\\Pipeline->Illuminate\\Pipeline\\{closure}()
#12 /var/www/html/Prepareurself/vendor/laravel/framework/src/Illuminate/Foundation/Http/Kernel.php(145): Illuminate\\Pipeline\\Pipeline->then()
#13 /var/www/html/Prepareurself/vendor/laravel/framework/src/Illuminate/Foundation/Http/Kernel.php(110): Illuminate\\Foundation\\Http\\Kernel->sendRequestThroughRouter()
#14 /var/www/html/Prepareurself/public/index.php(55): Illuminate\\Foundation\\Http\\Kernel->handle()
#15 {main}
"} 
[2021-08-03 07:32:25] local.ERROR: Curl error (code 6): Could not resolve host: slack-web-hook-url-here {"exception":"[object] (RuntimeException(code: 0): Curl error (code 6): Could not resolve host: slack-web-hook-url-here at /var/www/html/Prepareurself/vendor/monolog/monolog/src/Monolog/Handler/Curl/Util.php:53)
[stacktrace]
#0 /var/www/html/Prepareurself/vendor/monolog/monolog/src/Monolog/Handler/SlackWebhookHandler.php(112): Monolog\\Handler\\Curl\\Util::execute()
#1 /var/www/html/Prepareurself/vendor/monolog/monolog/src/Monolog/Handler/AbstractProcessingHandler.php(42): Monolog\\Handler\\SlackWebhookHandler->write()
#2 /var/www/html/Prepareurself/vendor/monolog/monolog/src/Monolog/Logger.php(323): Monolog\\Handler\\AbstractProcessingHandler->handle()
#3 /var/www/html/Prepareurself/vendor/monolog/monolog/src/Monolog/Logger.php(541): Monolog\\Logger->addRecord()
#4 /var/www/html/Prepareurself/vendor/laravel/framework/src/Illuminate/Log/Logger.php(176): Monolog\\Logger->error()
#5 /var/www/html/Prepareurself/vendor/laravel/framework/src/Illuminate/Log/Logger.php(87): Illuminate\\Log\\Logger->writeLog()
#6 /var/www/html/Prepareurself/vendor/laravel/framework/src/Illuminate/Log/LogManager.php(547): Illuminate\\Log\\Logger->error()
#7 /var/www/html/Prepareurself/vendor/laravel/framework/src/Illuminate/Foundation/Exceptions/Handler.php(121): Illuminate\\Log\\LogManager->error()
#8 /var/www/html/Prepareurself/app/Exceptions/Handler.php(40): Illuminate\\Foundation\\Exceptions\\Handler->report()
#9 /var/www/html/Prepareurself/vendor/laravel/framework/src/Illuminate/Foundation/Http/Kernel.php(408): App\\Exceptions\\Handler->report()
#10 /var/www/html/Prepareurself/vendor/laravel/framework/src/Illuminate/Foundation/Http/Kernel.php(112): Illuminate\\Foundation\\Http\\Kernel->reportException()
#11 /var/www/html/Prepareurself/public/index.php(55): Illuminate\\Foundation\\Http\\Kernel->handle()
#12 {main}
"} 
[2021-08-03 07:40:40] local.ERROR: The only supported ciphers are AES-128-CBC and AES-256-CBC with the correct key lengths. {"exception":"[object] (RuntimeException(code: 0): The only supported ciphers are AES-128-CBC and AES-256-CBC with the correct key lengths. at /var/www/html/Prepareurself/vendor/laravel/framework/src/Illuminate/Encryption/Encrypter.php:43)
[stacktrace]
#0 /var/www/html/Prepareurself/vendor/laravel/framework/src/Illuminate/Encryption/EncryptionServiceProvider.php(33): Illuminate\\Encryption\\Encrypter->__construct()
#1 /var/www/html/Prepareurself/vendor/laravel/framework/src/Illuminate/Container/Container.php(799): Illuminate\\Encryption\\EncryptionServiceProvider->Illuminate\\Encryption\\{closure}()
#2 /var/www/html/Prepareurself/vendor/laravel/framework/src/Illuminate/Container/Container.php(681): Illuminate\\Container\\Container->build()
#3 /var/www/html/Prepareurself/vendor/laravel/framework/src/Illuminate/Foundation/Application.php(785): Illuminate\\Container\\Container->resolve()
#4 /var/www/html/Prepareurself/vendor/laravel/framework/src/Illuminate/Container/Container.php(629): Illuminate\\Foundation\\Application->resolve()
#5 /var/www/html/Prepareurself/vendor/laravel/framework/src/Illuminate/Foundation/Application.php(770): Illuminate\\Container\\Container->make()
#6 /var/www/html/Prepareurself/vendor/laravel/framework/src/Illuminate/Container/Container.php(945): Illuminate\\Foundation\\Application->make()
#7 /var/www/html/Prepareurself/vendor/laravel/framework/src/Illuminate/Container/Container.php(873): Illuminate\\Container\\Container->resolveClass()
#8 /var/www/html/Prepareurself/vendor/laravel/framework/src/Illuminate/Container/Container.php(834): Illuminate\\Container\\Container->resolveDependencies()
#9 /var/www/html/Prepareurself/vendor/laravel/framework/src/Illuminate/Container/Container.php(681): Illuminate\\Container\\Container->build()
#10 /var/www/html/Prepareurself/vendor/laravel/framework/src/Illuminate/Foundation/Application.php(785): Illuminate\\Container\\Container->resolve()
#11 /var/www/html/Prepareurself/vendor/laravel/framework/src/Illuminate/Container/Container.php(629): Illuminate\\Foundation\\Application->resolve()
#12 /var/www/html/Prepareurself/vendor/laravel/framework/src/Illuminate/Foundation/Application.php(770): Illuminate\\Container\\Container->make()
#13 /var/www/html/Prepareurself/vendor/laravel/framework/src/Illuminate/Pipeline/Pipeline.php(160): Illuminate\\Foundation\\Application->make()
#14 /var/www/html/Prepareurself/vendor/laravel/framework/src/Illuminate/Pipeline/Pipeline.php(105): Illuminate\\Pipeline\\Pipeline->Illuminate\\Pipeline\\{closure}()
#15 /var/www/html/Prepareurself/vendor/laravel/framework/src/Illuminate/Routing/Router.php(683): Illuminate\\Pipeline\\Pipeline->then()
#16 /var/www/html/Prepareurself/vendor/laravel/framework/src/Illuminate/Routing/Router.php(658): Illuminate\\Routing\\Router->runRouteWithinStack()
#17 /var/www/html/Prepareurself/vendor/laravel/framework/src/Illuminate/Routing/Router.php(624): Illuminate\\Routing\\Router->runRoute()
#18 /var/www/html/Prepareurself/vendor/laravel/framework/src/Illuminate/Routing/Router.php(613): Illuminate\\Routing\\Router->dispatchToRoute()
#19 /var/www/html/Prepareurself/vendor/laravel/framework/src/Illuminate/Foundation/Http/Kernel.php(170): Illuminate\\Routing\\Router->dispatch()
#20 /var/www/html/Prepareurself/vendor/laravel/framework/src/Illuminate/Pipeline/Pipeline.php(130): Illuminate\\Foundation\\Http\\Kernel->Illuminate\\Foundation\\Http\\{closure}()
#21 /var/www/html/Prepareurself/vendor/laravel/framework/src/Illuminate/Foundation/Http/Middleware/TransformsRequest.php(21): Illuminate\\Pipeline\\Pipeline->Illuminate\\Pipeline\\{closure}()
#22 /var/www/html/Prepareurself/vendor/laravel/framework/src/Illuminate/Pipeline/Pipeline.php(171): Illuminate\\Foundation\\Http\\Middleware\\TransformsRequest->handle()
#23 /var/www/html/Prepareurself/vendor/laravel/framework/src/Illuminate/Foundation/Http/Middleware/TransformsRequest.php(21): Illuminate\\Pipeline\\Pipeline->Illuminate\\Pipeline\\{closure}()
#24 /var/www/html/Prepareurself/vendor/laravel/framework/src/Illuminate/Pipeline/Pipeline.php(171): Illuminate\\Foundation\\Http\\Middleware\\TransformsRequest->handle()
#25 /var/www/html/Prepareurself/vendor/laravel/framework/src/Illuminate/Foundation/Http/Middleware/ValidatePostSize.php(27): Illuminate\\Pipeline\\Pipeline->Illuminate\\Pipeline\\{closure}()
#26 /var/www/html/Prepareurself/vendor/laravel/framework/src/Illuminate/Pipeline/Pipeline.php(171): Illuminate\\Foundation\\Http\\Middleware\\ValidatePostSize->handle()
#27 /var/www/html/Prepareurself/vendor/laravel/framework/src/Illuminate/Foundation/Http/Middleware/CheckForMaintenanceMode.php(63): Illuminate\\Pipeline\\Pipeline->Illuminate\\Pipeline\\{closure}()
#28 /var/www/html/Prepareurself/vendor/laravel/framework/src/Illuminate/Pipeline/Pipeline.php(171): Illuminate\\Foundation\\Http\\Middleware\\CheckForMaintenanceMode->handle()
#29 /var/www/html/Prepareurself/vendor/fideloper/proxy/src/TrustProxies.php(57): Illuminate\\Pipeline\\Pipeline->Illuminate\\Pipeline\\{closure}()
#30 /var/www/html/Prepareurself/vendor/laravel/framework/src/Illuminate/Pipeline/Pipeline.php(171): Fideloper\\Proxy\\TrustProxies->handle()
#31 /var/www/html/Prepareurself/vendor/laravel/framework/src/Illuminate/Pipeline/Pipeline.php(105): Illuminate\\Pipeline\\Pipeline->Illuminate\\Pipeline\\{closure}()
#32 /var/www/html/Prepareurself/vendor/laravel/framework/src/Illuminate/Foundation/Http/Kernel.php(145): Illuminate\\Pipeline\\Pipeline->then()
#33 /var/www/html/Prepareurself/vendor/laravel/framework/src/Illuminate/Foundation/Http/Kernel.php(110): Illuminate\\Foundation\\Http\\Kernel->sendRequestThroughRouter()
#34 /var/www/html/Prepareurself/public/index.php(55): Illuminate\\Foundation\\Http\\Kernel->handle()
#35 {main}
"} 
[2021-08-03 07:41:55] local.ERROR: The only supported ciphers are AES-128-CBC and AES-256-CBC with the correct key lengths. {"exception":"[object] (RuntimeException(code: 0): The only supported ciphers are AES-128-CBC and AES-256-CBC with the correct key lengths. at /var/www/html/Prepareurself/vendor/laravel/framework/src/Illuminate/Encryption/Encrypter.php:43)
[stacktrace]
#0 /var/www/html/Prepareurself/vendor/laravel/framework/src/Illuminate/Encryption/EncryptionServiceProvider.php(33): Illuminate\\Encryption\\Encrypter->__construct()
#1 /var/www/html/Prepareurself/vendor/laravel/framework/src/Illuminate/Container/Container.php(799): Illuminate\\Encryption\\EncryptionServiceProvider->Illuminate\\Encryption\\{closure}()
#2 /var/www/html/Prepareurself/vendor/laravel/framework/src/Illuminate/Container/Container.php(681): Illuminate\\Container\\Container->build()
#3 /var/www/html/Prepareurself/vendor/laravel/framework/src/Illuminate/Foundation/Application.php(785): Illuminate\\Container\\Container->resolve()
#4 /var/www/html/Prepareurself/vendor/laravel/framework/src/Illuminate/Container/Container.php(629): Illuminate\\Foundation\\Application->resolve()
#5 /var/www/html/Prepareurself/vendor/laravel/framework/src/Illuminate/Foundation/Application.php(770): Illuminate\\Container\\Container->make()
#6 /var/www/html/Prepareurself/vendor/laravel/framework/src/Illuminate/Container/Container.php(945): Illuminate\\Foundation\\Application->make()
#7 /var/www/html/Prepareurself/vendor/laravel/framework/src/Illuminate/Container/Container.php(873): Illuminate\\Container\\Container->resolveClass()
#8 /var/www/html/Prepareurself/vendor/laravel/framework/src/Illuminate/Container/Container.php(834): Illuminate\\Container\\Container->resolveDependencies()
#9 /var/www/html/Prepareurself/vendor/laravel/framework/src/Illuminate/Container/Container.php(681): Illuminate\\Container\\Container->build()
#10 /var/www/html/Prepareurself/vendor/laravel/framework/src/Illuminate/Foundation/Application.php(785): Illuminate\\Container\\Container->resolve()
#11 /var/www/html/Prepareurself/vendor/laravel/framework/src/Illuminate/Container/Container.php(629): Illuminate\\Foundation\\Application->resolve()
#12 /var/www/html/Prepareurself/vendor/laravel/framework/src/Illuminate/Foundation/Application.php(770): Illuminate\\Container\\Container->make()
#13 /var/www/html/Prepareurself/vendor/laravel/framework/src/Illuminate/Pipeline/Pipeline.php(160): Illuminate\\Foundation\\Application->make()
#14 /var/www/html/Prepareurself/vendor/laravel/framework/src/Illuminate/Pipeline/Pipeline.php(105): Illuminate\\Pipeline\\Pipeline->Illuminate\\Pipeline\\{closure}()
#15 /var/www/html/Prepareurself/vendor/laravel/framework/src/Illuminate/Routing/Router.php(683): Illuminate\\Pipeline\\Pipeline->then()
#16 /var/www/html/Prepareurself/vendor/laravel/framework/src/Illuminate/Routing/Router.php(658): Illuminate\\Routing\\Router->runRouteWithinStack()
#17 /var/www/html/Prepareurself/vendor/laravel/framework/src/Illuminate/Routing/Router.php(624): Illuminate\\Routing\\Router->runRoute()
#18 /var/www/html/Prepareurself/vendor/laravel/framework/src/Illuminate/Routing/Router.php(613): Illuminate\\Routing\\Router->dispatchToRoute()
#19 /var/www/html/Prepareurself/vendor/laravel/framework/src/Illuminate/Foundation/Http/Kernel.php(170): Illuminate\\Routing\\Router->dispatch()
#20 /var/www/html/Prepareurself/vendor/laravel/framework/src/Illuminate/Pipeline/Pipeline.php(130): Illuminate\\Foundation\\Http\\Kernel->Illuminate\\Foundation\\Http\\{closure}()
#21 /var/www/html/Prepareurself/vendor/laravel/framework/src/Illuminate/Foundation/Http/Middleware/TransformsRequest.php(21): Illuminate\\Pipeline\\Pipeline->Illuminate\\Pipeline\\{closure}()
#22 /var/www/html/Prepareurself/vendor/laravel/framework/src/Illuminate/Pipeline/Pipeline.php(171): Illuminate\\Foundation\\Http\\Middleware\\TransformsRequest->handle()
#23 /var/www/html/Prepareurself/vendor/laravel/framework/src/Illuminate/Foundation/Http/Middleware/TransformsRequest.php(21): Illuminate\\Pipeline\\Pipeline->Illuminate\\Pipeline\\{closure}()
#24 /var/www/html/Prepareurself/vendor/laravel/framework/src/Illuminate/Pipeline/Pipeline.php(171): Illuminate\\Foundation\\Http\\Middleware\\TransformsRequest->handle()
#25 /var/www/html/Prepareurself/vendor/laravel/framework/src/Illuminate/Foundation/Http/Middleware/ValidatePostSize.php(27): Illuminate\\Pipeline\\Pipeline->Illuminate\\Pipeline\\{closure}()
#26 /var/www/html/Prepareurself/vendor/laravel/framework/src/Illuminate/Pipeline/Pipeline.php(171): Illuminate\\Foundation\\Http\\Middleware\\ValidatePostSize->handle()
#27 /var/www/html/Prepareurself/vendor/laravel/framework/src/Illuminate/Foundation/Http/Middleware/CheckForMaintenanceMode.php(63): Illuminate\\Pipeline\\Pipeline->Illuminate\\Pipeline\\{closure}()
#28 /var/www/html/Prepareurself/vendor/laravel/framework/src/Illuminate/Pipeline/Pipeline.php(171): Illuminate\\Foundation\\Http\\Middleware\\CheckForMaintenanceMode->handle()
#29 /var/www/html/Prepareurself/vendor/fideloper/proxy/src/TrustProxies.php(57): Illuminate\\Pipeline\\Pipeline->Illuminate\\Pipeline\\{closure}()
#30 /var/www/html/Prepareurself/vendor/laravel/framework/src/Illuminate/Pipeline/Pipeline.php(171): Fideloper\\Proxy\\TrustProxies->handle()
#31 /var/www/html/Prepareurself/vendor/laravel/framework/src/Illuminate/Pipeline/Pipeline.php(105): Illuminate\\Pipeline\\Pipeline->Illuminate\\Pipeline\\{closure}()
#32 /var/www/html/Prepareurself/vendor/laravel/framework/src/Illuminate/Foundation/Http/Kernel.php(145): Illuminate\\Pipeline\\Pipeline->then()
#33 /var/www/html/Prepareurself/vendor/laravel/framework/src/Illuminate/Foundation/Http/Kernel.php(110): Illuminate\\Foundation\\Http\\Kernel->sendRequestThroughRouter()
#34 /var/www/html/Prepareurself/public/index.php(55): Illuminate\\Foundation\\Http\\Kernel->handle()
#35 {main}
"} 
[2021-08-03 07:42:35] local.ERROR: The only supported ciphers are AES-128-CBC and AES-256-CBC with the correct key lengths. {"exception":"[object] (RuntimeException(code: 0): The only supported ciphers are AES-128-CBC and AES-256-CBC with the correct key lengths. at /var/www/html/Prepareurself/vendor/laravel/framework/src/Illuminate/Encryption/Encrypter.php:43)
[stacktrace]
#0 /var/www/html/Prepareurself/vendor/laravel/framework/src/Illuminate/Encryption/EncryptionServiceProvider.php(33): Illuminate\\Encryption\\Encrypter->__construct()
#1 /var/www/html/Prepareurself/vendor/laravel/framework/src/Illuminate/Container/Container.php(799): Illuminate\\Encryption\\EncryptionServiceProvider->Illuminate\\Encryption\\{closure}()
#2 /var/www/html/Prepareurself/vendor/laravel/framework/src/Illuminate/Container/Container.php(681): Illuminate\\Container\\Container->build()
#3 /var/www/html/Prepareurself/vendor/laravel/framework/src/Illuminate/Foundation/Application.php(785): Illuminate\\Container\\Container->resolve()
#4 /var/www/html/Prepareurself/vendor/laravel/framework/src/Illuminate/Container/Container.php(629): Illuminate\\Foundation\\Application->resolve()
#5 /var/www/html/Prepareurself/vendor/laravel/framework/src/Illuminate/Foundation/Application.php(770): Illuminate\\Container\\Container->make()
#6 /var/www/html/Prepareurself/vendor/laravel/framework/src/Illuminate/Container/Container.php(945): Illuminate\\Foundation\\Application->make()
#7 /var/www/html/Prepareurself/vendor/laravel/framework/src/Illuminate/Container/Container.php(873): Illuminate\\Container\\Container->resolveClass()
#8 /var/www/html/Prepareurself/vendor/laravel/framework/src/Illuminate/Container/Container.php(834): Illuminate\\Container\\Container->resolveDependencies()
#9 /var/www/html/Prepareurself/vendor/laravel/framework/src/Illuminate/Container/Container.php(681): Illuminate\\Container\\Container->build()
#10 /var/www/html/Prepareurself/vendor/laravel/framework/src/Illuminate/Foundation/Application.php(785): Illuminate\\Container\\Container->resolve()
#11 /var/www/html/Prepareurself/vendor/laravel/framework/src/Illuminate/Container/Container.php(629): Illuminate\\Foundation\\Application->resolve()
#12 /var/www/html/Prepareurself/vendor/laravel/framework/src/Illuminate/Foundation/Application.php(770): Illuminate\\Container\\Container->make()
#13 /var/www/html/Prepareurself/vendor/laravel/framework/src/Illuminate/Pipeline/Pipeline.php(160): Illuminate\\Foundation\\Application->make()
#14 /var/www/html/Prepareurself/vendor/laravel/framework/src/Illuminate/Pipeline/Pipeline.php(105): Illuminate\\Pipeline\\Pipeline->Illuminate\\Pipeline\\{closure}()
#15 /var/www/html/Prepareurself/vendor/laravel/framework/src/Illuminate/Routing/Router.php(683): Illuminate\\Pipeline\\Pipeline->then()
#16 /var/www/html/Prepareurself/vendor/laravel/framework/src/Illuminate/Routing/Router.php(658): Illuminate\\Routing\\Router->runRouteWithinStack()
#17 /var/www/html/Prepareurself/vendor/laravel/framework/src/Illuminate/Routing/Router.php(624): Illuminate\\Routing\\Router->runRoute()
#18 /var/www/html/Prepareurself/vendor/laravel/framework/src/Illuminate/Routing/Router.php(613): Illuminate\\Routing\\Router->dispatchToRoute()
#19 /var/www/html/Prepareurself/vendor/laravel/framework/src/Illuminate/Foundation/Http/Kernel.php(170): Illuminate\\Routing\\Router->dispatch()
#20 /var/www/html/Prepareurself/vendor/laravel/framework/src/Illuminate/Pipeline/Pipeline.php(130): Illuminate\\Foundation\\Http\\Kernel->Illuminate\\Foundation\\Http\\{closure}()
#21 /var/www/html/Prepareurself/vendor/laravel/framework/src/Illuminate/Foundation/Http/Middleware/TransformsRequest.php(21): Illuminate\\Pipeline\\Pipeline->Illuminate\\Pipeline\\{closure}()
#22 /var/www/html/Prepareurself/vendor/laravel/framework/src/Illuminate/Pipeline/Pipeline.php(171): Illuminate\\Foundation\\Http\\Middleware\\TransformsRequest->handle()
#23 /var/www/html/Prepareurself/vendor/laravel/framework/src/Illuminate/Foundation/Http/Middleware/TransformsRequest.php(21): Illuminate\\Pipeline\\Pipeline->Illuminate\\Pipeline\\{closure}()
#24 /var/www/html/Prepareurself/vendor/laravel/framework/src/Illuminate/Pipeline/Pipeline.php(171): Illuminate\\Foundation\\Http\\Middleware\\TransformsRequest->handle()
#25 /var/www/html/Prepareurself/vendor/laravel/framework/src/Illuminate/Foundation/Http/Middleware/ValidatePostSize.php(27): Illuminate\\Pipeline\\Pipeline->Illuminate\\Pipeline\\{closure}()
#26 /var/www/html/Prepareurself/vendor/laravel/framework/src/Illuminate/Pipeline/Pipeline.php(171): Illuminate\\Foundation\\Http\\Middleware\\ValidatePostSize->handle()
#27 /var/www/html/Prepareurself/vendor/laravel/framework/src/Illuminate/Foundation/Http/Middleware/CheckForMaintenanceMode.php(63): Illuminate\\Pipeline\\Pipeline->Illuminate\\Pipeline\\{closure}()
#28 /var/www/html/Prepareurself/vendor/laravel/framework/src/Illuminate/Pipeline/Pipeline.php(171): Illuminate\\Foundation\\Http\\Middleware\\CheckForMaintenanceMode->handle()
#29 /var/www/html/Prepareurself/vendor/fideloper/proxy/src/TrustProxies.php(57): Illuminate\\Pipeline\\Pipeline->Illuminate\\Pipeline\\{closure}()
#30 /var/www/html/Prepareurself/vendor/laravel/framework/src/Illuminate/Pipeline/Pipeline.php(171): Fideloper\\Proxy\\TrustProxies->handle()
#31 /var/www/html/Prepareurself/vendor/laravel/framework/src/Illuminate/Pipeline/Pipeline.php(105): Illuminate\\Pipeline\\Pipeline->Illuminate\\Pipeline\\{closure}()
#32 /var/www/html/Prepareurself/vendor/laravel/framework/src/Illuminate/Foundation/Http/Kernel.php(145): Illuminate\\Pipeline\\Pipeline->then()
#33 /var/www/html/Prepareurself/vendor/laravel/framework/src/Illuminate/Foundation/Http/Kernel.php(110): Illuminate\\Foundation\\Http\\Kernel->sendRequestThroughRouter()
#34 /var/www/html/Prepareurself/public/index.php(55): Illuminate\\Foundation\\Http\\Kernel->handle()
#35 {main}
"} 
[2021-08-03 07:43:37] local.ERROR: The only supported ciphers are AES-128-CBC and AES-256-CBC with the correct key lengths. {"exception":"[object] (RuntimeException(code: 0): The only supported ciphers are AES-128-CBC and AES-256-CBC with the correct key lengths. at /var/www/html/Prepareurself/vendor/laravel/framework/src/Illuminate/Encryption/Encrypter.php:43)
[stacktrace]
#0 /var/www/html/Prepareurself/vendor/laravel/framework/src/Illuminate/Encryption/EncryptionServiceProvider.php(33): Illuminate\\Encryption\\Encrypter->__construct()
#1 /var/www/html/Prepareurself/vendor/laravel/framework/src/Illuminate/Container/Container.php(799): Illuminate\\Encryption\\EncryptionServiceProvider->Illuminate\\Encryption\\{closure}()
#2 /var/www/html/Prepareurself/vendor/laravel/framework/src/Illuminate/Container/Container.php(681): Illuminate\\Container\\Container->build()
#3 /var/www/html/Prepareurself/vendor/laravel/framework/src/Illuminate/Foundation/Application.php(785): Illuminate\\Container\\Container->resolve()
#4 /var/www/html/Prepareurself/vendor/laravel/framework/src/Illuminate/Container/Container.php(629): Illuminate\\Foundation\\Application->resolve()
#5 /var/www/html/Prepareurself/vendor/laravel/framework/src/Illuminate/Foundation/Application.php(770): Illuminate\\Container\\Container->make()
#6 /var/www/html/Prepareurself/vendor/laravel/framework/src/Illuminate/Container/Container.php(945): Illuminate\\Foundation\\Application->make()
#7 /var/www/html/Prepareurself/vendor/laravel/framework/src/Illuminate/Container/Container.php(873): Illuminate\\Container\\Container->resolveClass()
#8 /var/www/html/Prepareurself/vendor/laravel/framework/src/Illuminate/Container/Container.php(834): Illuminate\\Container\\Container->resolveDependencies()
#9 /var/www/html/Prepareurself/vendor/laravel/framework/src/Illuminate/Container/Container.php(681): Illuminate\\Container\\Container->build()
#10 /var/www/html/Prepareurself/vendor/laravel/framework/src/Illuminate/Foundation/Application.php(785): Illuminate\\Container\\Container->resolve()
#11 /var/www/html/Prepareurself/vendor/laravel/framework/src/Illuminate/Container/Container.php(629): Illuminate\\Foundation\\Application->resolve()
#12 /var/www/html/Prepareurself/vendor/laravel/framework/src/Illuminate/Foundation/Application.php(770): Illuminate\\Container\\Container->make()
#13 /var/www/html/Prepareurself/vendor/laravel/framework/src/Illuminate/Foundation/Http/Kernel.php(209): Illuminate\\Foundation\\Application->make()
#14 /var/www/html/Prepareurself/vendor/laravel/framework/src/Illuminate/Foundation/Http/Kernel.php(183): Illuminate\\Foundation\\Http\\Kernel->terminateMiddleware()
#15 /var/www/html/Prepareurself/public/index.php(60): Illuminate\\Foundation\\Http\\Kernel->terminate()
#16 {main}
"} 
