[2021-08-03 07:22:32] laravel.EMERGENCY: Unable to create configured logger. Using emergency logger. {"exception":"[object] (TypeError(code: 0): Argument 1 passed to Monolog\\Handler\\SlackWebhookHandler::__construct() must be of the type string, null given, called in /var/www/html/Prepareurself/vendor/laravel/framework/src/Illuminate/Log/LogManager.php on line 304 at /var/www/html/Prepareurself/vendor/monolog/monolog/src/Monolog/Handler/SlackWebhookHandler.php:51)
[stacktrace]
#0 /var/www/html/Prepareurself/vendor/laravel/framework/src/Illuminate/Log/LogManager.php(304): Monolog\\Handler\\SlackWebhookHandler->__construct()
#1 /var/www/html/Prepareurself/vendor/laravel/framework/src/Illuminate/Log/LogManager.php(202): Illuminate\\Log\\LogManager->createSlackDriver()
#2 /var/www/html/Prepareurself/vendor/laravel/framework/src/Illuminate/Log/LogManager.php(118): Illuminate\\Log\\LogManager->resolve()
#3 /var/www/html/Prepareurself/vendor/laravel/framework/src/Illuminate/Log/LogManager.php(98): Illuminate\\Log\\LogManager->get()
#4 /var/www/html/Prepareurself/vendor/laravel/framework/src/Illuminate/Log/LogManager.php(87): Illuminate\\Log\\LogManager->driver()
#5 /var/www/html/Prepareurself/vendor/laravel/framework/src/Illuminate/Log/LogManager.php(241): Illuminate\\Log\\LogManager->channel()
#6 [internal function]: Illuminate\\Log\\LogManager->Illuminate\\Log\\{closure}()
#7 /var/www/html/Prepareurself/vendor/laravel/framework/src/Illuminate/Support/Collection.php(638): array_map()
#8 /var/www/html/Prepareurself/vendor/laravel/framework/src/Illuminate/Support/Traits/EnumeratesValues.php(285): Illuminate\\Support\\Collection->map()
#9 /var/www/html/Prepareurself/vendor/laravel/framework/src/Illuminate/Log/LogManager.php(242): Illuminate\\Support\\Collection->flatMap()
#10 /var/www/html/Prepareurself/vendor/laravel/framework/src/Illuminate/Log/LogManager.php(202): Illuminate\\Log\\LogManager->createStackDriver()
#11 /var/www/html/Prepareurself/vendor/laravel/framework/src/Illuminate/Log/LogManager.php(118): Illuminate\\Log\\LogManager->resolve()
#12 /var/www/html/Prepareurself/vendor/laravel/framework/src/Illuminate/Log/LogManager.php(98): Illuminate\\Log\\LogManager->get()
#13 /var/www/html/Prepareurself/vendor/laravel/framework/src/Illuminate/Log/LogManager.php(547): Illuminate\\Log\\LogManager->driver()
#14 /var/www/html/Prepareurself/vendor/laravel/framework/src/Illuminate/Foundation/Exceptions/Handler.php(121): Illuminate\\Log\\LogManager->error()
#15 /var/www/html/Prepareurself/app/Exceptions/Handler.php(40): Illuminate\\Foundation\\Exceptions\\Handler->report()
#16 /var/www/html/Prepareurself/vendor/laravel/framework/src/Illuminate/Routing/Pipeline.php(49): App\\Exceptions\\Handler->report()
#17 /var/www/html/Prepareurself/vendor/laravel/framework/src/Illuminate/Pipeline/Pipeline.php(176): Illuminate\\Routing\\Pipeline->handleException()
#18 /var/www/html/Prepareurself/vendor/laravel/framework/src/Illuminate/Pipeline/Pipeline.php(105): Illuminate\\Pipeline\\Pipeline->Illuminate\\Pipeline\\{closure}()
#19 /var/www/html/Prepareurself/vendor/laravel/framework/src/Illuminate/Routing/Router.php(683): Illuminate\\Pipeline\\Pipeline->then()
#20 /var/www/html/Prepareurself/vendor/laravel/framework/src/Illuminate/Routing/Router.php(658): Illuminate\\Routing\\Router->runRouteWithinStack()
#21 /var/www/html/Prepareurself/vendor/laravel/framework/src/Illuminate/Routing/Router.php(624): Illuminate\\Routing\\Router->runRoute()
#22 /var/www/html/Prepareurself/vendor/laravel/framework/src/Illuminate/Routing/Router.php(613): Illuminate\\Routing\\Router->dispatchToRoute()
#23 /var/www/html/Prepareurself/vendor/laravel/framework/src/Illuminate/Foundation/Http/Kernel.php(170): Illuminate\\Routing\\Router->dispatch()
#24 /var/www/html/Prepareurself/vendor/laravel/framework/src/Illuminate/Pipeline/Pipeline.php(130): Illuminate\\Foundation\\Http\\Kernel->Illuminate\\Foundation\\Http\\{closure}()
#25 /var/www/html/Prepareurself/vendor/laravel/framework/src/Illuminate/Foundation/Http/Middleware/TransformsRequest.php(21): Illuminate\\Pipeline\\Pipeline->Illuminate\\Pipeline\\{closure}()
#26 /var/www/html/Prepareurself/vendor/laravel/framework/src/Illuminate/Pipeline/Pipeline.php(171): Illuminate\\Foundation\\Http\\Middleware\\TransformsRequest->handle()
#27 /var/www/html/Prepareurself/vendor/laravel/framework/src/Illuminate/Foundation/Http/Middleware/TransformsRequest.php(21): Illuminate\\Pipeline\\Pipeline->Illuminate\\Pipeline\\{closure}()
#28 /var/www/html/Prepareurself/vendor/laravel/framework/src/Illuminate/Pipeline/Pipeline.php(171): Illuminate\\Foundation\\Http\\Middleware\\TransformsRequest->handle()
#29 /var/www/html/Prepareurself/vendor/laravel/framework/src/Illuminate/Foundation/Http/Middleware/ValidatePostSize.php(27): Illuminate\\Pipeline\\Pipeline->Illuminate\\Pipeline\\{closure}()
#30 /var/www/html/Prepareurself/vendor/laravel/framework/src/Illuminate/Pipeline/Pipeline.php(171): Illuminate\\Foundation\\Http\\Middleware\\ValidatePostSize->handle()
#31 /var/www/html/Prepareurself/vendor/laravel/framework/src/Illuminate/Foundation/Http/Middleware/CheckForMaintenanceMode.php(63): Illuminate\\Pipeline\\Pipeline->Illuminate\\Pipeline\\{closure}()
#32 /var/www/html/Prepareurself/vendor/laravel/framework/src/Illuminate/Pipeline/Pipeline.php(171): Illuminate\\Foundation\\Http\\Middleware\\CheckForMaintenanceMode->handle()
#33 /var/www/html/Prepareurself/vendor/fideloper/proxy/src/TrustProxies.php(57): Illuminate\\Pipeline\\Pipeline->Illuminate\\Pipeline\\{closure}()
#34 /var/www/html/Prepareurself/vendor/laravel/framework/src/Illuminate/Pipeline/Pipeline.php(171): Fideloper\\Proxy\\TrustProxies->handle()
#35 /var/www/html/Prepareurself/vendor/laravel/framework/src/Illuminate/Pipeline/Pipeline.php(105): Illuminate\\Pipeline\\Pipeline->Illuminate\\Pipeline\\{closure}()
#36 /var/www/html/Prepareurself/vendor/laravel/framework/src/Illuminate/Foundation/Http/Kernel.php(145): Illuminate\\Pipeline\\Pipeline->then()
#37 /var/www/html/Prepareurself/vendor/laravel/framework/src/Illuminate/Foundation/Http/Kernel.php(110): Illuminate\\Foundation\\Http\\Kernel->sendRequestThroughRouter()
#38 /var/www/html/Prepareurself/public/index.php(55): Illuminate\\Foundation\\Http\\Kernel->handle()
#39 {main}
"} 
[2021-08-03 07:22:32] production.ERROR: No application encryption key has been specified. {"exception":"[object] (RuntimeException(code: 0): No application encryption key has been specified. at /var/www/html/Prepareurself/vendor/laravel/framework/src/Illuminate/Encryption/EncryptionServiceProvider.php:80)
[stacktrace]
#0 /var/www/html/Prepareurself/vendor/laravel/framework/src/Illuminate/Support/helpers.php(422): Illuminate\\Encryption\\EncryptionServiceProvider->Illuminate\\Encryption\\{closure}()
#1 /var/www/html/Prepareurself/vendor/laravel/framework/src/Illuminate/Encryption/EncryptionServiceProvider.php(84): tap()
#2 /var/www/html/Prepareurself/vendor/laravel/framework/src/Illuminate/Encryption/EncryptionServiceProvider.php(61): Illuminate\\Encryption\\EncryptionServiceProvider->key()
#3 /var/www/html/Prepareurself/vendor/laravel/framework/src/Illuminate/Encryption/EncryptionServiceProvider.php(33): Illuminate\\Encryption\\EncryptionServiceProvider->parseKey()
#4 /var/www/html/Prepareurself/vendor/laravel/framework/src/Illuminate/Container/Container.php(799): Illuminate\\Encryption\\EncryptionServiceProvider->Illuminate\\Encryption\\{closure}()
#5 /var/www/html/Prepareurself/vendor/laravel/framework/src/Illuminate/Container/Container.php(681): Illuminate\\Container\\Container->build()
#6 /var/www/html/Prepareurself/vendor/laravel/framework/src/Illuminate/Foundation/Application.php(785): Illuminate\\Container\\Container->resolve()
#7 /var/www/html/Prepareurself/vendor/laravel/framework/src/Illuminate/Container/Container.php(629): Illuminate\\Foundation\\Application->resolve()
#8 /var/www/html/Prepareurself/vendor/laravel/framework/src/Illuminate/Foundation/Application.php(770): Illuminate\\Container\\Container->make()
#9 /var/www/html/Prepareurself/vendor/laravel/framework/src/Illuminate/Container/Container.php(945): Illuminate\\Foundation\\Application->make()
#10 /var/www/html/Prepareurself/vendor/laravel/framework/src/Illuminate/Container/Container.php(873): Illuminate\\Container\\Container->resolveClass()
#11 /var/www/html/Prepareurself/vendor/laravel/framework/src/Illuminate/Container/Container.php(834): Illuminate\\Container\\Container->resolveDependencies()
#12 /var/www/html/Prepareurself/vendor/laravel/framework/src/Illuminate/Container/Container.php(681): Illuminate\\Container\\Container->build()
#13 /var/www/html/Prepareurself/vendor/laravel/framework/src/Illuminate/Foundation/Application.php(785): Illuminate\\Container\\Container->resolve()
#14 /var/www/html/Prepareurself/vendor/laravel/framework/src/Illuminate/Container/Container.php(629): Illuminate\\Foundation\\Application->resolve()
#15 /var/www/html/Prepareurself/vendor/laravel/framework/src/Illuminate/Foundation/Application.php(770): Illuminate\\Container\\Container->make()
#16 /var/www/html/Prepareurself/vendor/laravel/framework/src/Illuminate/Pipeline/Pipeline.php(160): Illuminate\\Foundation\\Application->make()
#17 /var/www/html/Prepareurself/vendor/laravel/framework/src/Illuminate/Pipeline/Pipeline.php(105): Illuminate\\Pipeline\\Pipeline->Illuminate\\Pipeline\\{closure}()
#18 /var/www/html/Prepareurself/vendor/laravel/framework/src/Illuminate/Routing/Router.php(683): Illuminate\\Pipeline\\Pipeline->then()
#19 /var/www/html/Prepareurself/vendor/laravel/framework/src/Illuminate/Routing/Router.php(658): Illuminate\\Routing\\Router->runRouteWithinStack()
#20 /var/www/html/Prepareurself/vendor/laravel/framework/src/Illuminate/Routing/Router.php(624): Illuminate\\Routing\\Router->runRoute()
#21 /var/www/html/Prepareurself/vendor/laravel/framework/src/Illuminate/Routing/Router.php(613): Illuminate\\Routing\\Router->dispatchToRoute()
#22 /var/www/html/Prepareurself/vendor/laravel/framework/src/Illuminate/Foundation/Http/Kernel.php(170): Illuminate\\Routing\\Router->dispatch()
#23 /var/www/html/Prepareurself/vendor/laravel/framework/src/Illuminate/Pipeline/Pipeline.php(130): Illuminate\\Foundation\\Http\\Kernel->Illuminate\\Foundation\\Http\\{closure}()
#24 /var/www/html/Prepareurself/vendor/laravel/framework/src/Illuminate/Foundation/Http/Middleware/TransformsRequest.php(21): Illuminate\\Pipeline\\Pipeline->Illuminate\\Pipeline\\{closure}()
#25 /var/www/html/Prepareurself/vendor/laravel/framework/src/Illuminate/Pipeline/Pipeline.php(171): Illuminate\\Foundation\\Http\\Middleware\\TransformsRequest->handle()
#26 /var/www/html/Prepareurself/vendor/laravel/framework/src/Illuminate/Foundation/Http/Middleware/TransformsRequest.php(21): Illuminate\\Pipeline\\Pipeline->Illuminate\\Pipeline\\{closure}()
#27 /var/www/html/Prepareurself/vendor/laravel/framework/src/Illuminate/Pipeline/Pipeline.php(171): Illuminate\\Foundation\\Http\\Middleware\\TransformsRequest->handle()
#28 /var/www/html/Prepareurself/vendor/laravel/framework/src/Illuminate/Foundation/Http/Middleware/ValidatePostSize.php(27): Illuminate\\Pipeline\\Pipeline->Illuminate\\Pipeline\\{closure}()
#29 /var/www/html/Prepareurself/vendor/laravel/framework/src/Illuminate/Pipeline/Pipeline.php(171): Illuminate\\Foundation\\Http\\Middleware\\ValidatePostSize->handle()
#30 /var/www/html/Prepareurself/vendor/laravel/framework/src/Illuminate/Foundation/Http/Middleware/CheckForMaintenanceMode.php(63): Illuminate\\Pipeline\\Pipeline->Illuminate\\Pipeline\\{closure}()
#31 /var/www/html/Prepareurself/vendor/laravel/framework/src/Illuminate/Pipeline/Pipeline.php(171): Illuminate\\Foundation\\Http\\Middleware\\CheckForMaintenanceMode->handle()
#32 /var/www/html/Prepareurself/vendor/fideloper/proxy/src/TrustProxies.php(57): Illuminate\\Pipeline\\Pipeline->Illuminate\\Pipeline\\{closure}()
#33 /var/www/html/Prepareurself/vendor/laravel/framework/src/Illuminate/Pipeline/Pipeline.php(171): Fideloper\\Proxy\\TrustProxies->handle()
#34 /var/www/html/Prepareurself/vendor/laravel/framework/src/Illuminate/Pipeline/Pipeline.php(105): Illuminate\\Pipeline\\Pipeline->Illuminate\\Pipeline\\{closure}()
#35 /var/www/html/Prepareurself/vendor/laravel/framework/src/Illuminate/Foundation/Http/Kernel.php(145): Illuminate\\Pipeline\\Pipeline->then()
#36 /var/www/html/Prepareurself/vendor/laravel/framework/src/Illuminate/Foundation/Http/Kernel.php(110): Illuminate\\Foundation\\Http\\Kernel->sendRequestThroughRouter()
#37 /var/www/html/Prepareurself/public/index.php(55): Illuminate\\Foundation\\Http\\Kernel->handle()
#38 {main}
"} 
[2021-08-03 07:22:33] production.ERROR: No application encryption key has been specified. {"exception":"[object] (RuntimeException(code: 0): No application encryption key has been specified. at /var/www/html/Prepareurself/vendor/laravel/framework/src/Illuminate/Encryption/EncryptionServiceProvider.php:80)
[stacktrace]
#0 /var/www/html/Prepareurself/vendor/laravel/framework/src/Illuminate/Support/helpers.php(422): Illuminate\\Encryption\\EncryptionServiceProvider->Illuminate\\Encryption\\{closure}()
#1 /var/www/html/Prepareurself/vendor/laravel/framework/src/Illuminate/Encryption/EncryptionServiceProvider.php(84): tap()
#2 /var/www/html/Prepareurself/vendor/laravel/framework/src/Illuminate/Encryption/EncryptionServiceProvider.php(61): Illuminate\\Encryption\\EncryptionServiceProvider->key()
#3 /var/www/html/Prepareurself/vendor/laravel/framework/src/Illuminate/Encryption/EncryptionServiceProvider.php(33): Illuminate\\Encryption\\EncryptionServiceProvider->parseKey()
#4 /var/www/html/Prepareurself/vendor/laravel/framework/src/Illuminate/Container/Container.php(799): Illuminate\\Encryption\\EncryptionServiceProvider->Illuminate\\Encryption\\{closure}()
#5 /var/www/html/Prepareurself/vendor/laravel/framework/src/Illuminate/Container/Container.php(681): Illuminate\\Container\\Container->build()
#6 /var/www/html/Prepareurself/vendor/laravel/framework/src/Illuminate/Foundation/Application.php(785): Illuminate\\Container\\Container->resolve()
#7 /var/www/html/Prepareurself/vendor/laravel/framework/src/Illuminate/Container/Container.php(629): Illuminate\\Foundation\\Application->resolve()
#8 /var/www/html/Prepareurself/vendor/laravel/framework/src/Illuminate/Foundation/Application.php(770): Illuminate\\Container\\Container->make()
#9 /var/www/html/Prepareurself/vendor/laravel/framework/src/Illuminate/Container/Container.php(945): Illuminate\\Foundation\\Application->make()
#10 /var/www/html/Prepareurself/vendor/laravel/framework/src/Illuminate/Container/Container.php(873): Illuminate\\Container\\Container->resolveClass()
#11 /var/www/html/Prepareurself/vendor/laravel/framework/src/Illuminate/Container/Container.php(834): Illuminate\\Container\\Container->resolveDependencies()
#12 /var/www/html/Prepareurself/vendor/laravel/framework/src/Illuminate/Container/Container.php(681): Illuminate\\Container\\Container->build()
#13 /var/www/html/Prepareurself/vendor/laravel/framework/src/Illuminate/Foundation/Application.php(785): Illuminate\\Container\\Container->resolve()
#14 /var/www/html/Prepareurself/vendor/laravel/framework/src/Illuminate/Container/Container.php(629): Illuminate\\Foundation\\Application->resolve()
#15 /var/www/html/Prepareurself/vendor/laravel/framework/src/Illuminate/Foundation/Application.php(770): Illuminate\\Container\\Container->make()
#16 /var/www/html/Prepareurself/vendor/laravel/framework/src/Illuminate/Foundation/Http/Kernel.php(209): Illuminate\\Foundation\\Application->make()
#17 /var/www/html/Prepareurself/vendor/laravel/framework/src/Illuminate/Foundation/Http/Kernel.php(183): Illuminate\\Foundation\\Http\\Kernel->terminateMiddleware()
#18 /var/www/html/Prepareurself/public/index.php(60): Illuminate\\Foundation\\Http\\Kernel->terminate()
#19 {main}
"} 
[2021-08-03 07:40:40] laravel.EMERGENCY: Unable to create configured logger. Using emergency logger. {"exception":"[object] (TypeError(code: 0): Argument 1 passed to Monolog\\Handler\\SlackWebhookHandler::__construct() must be of the type string, null given, called in /var/www/html/Prepareurself/vendor/laravel/framework/src/Illuminate/Log/LogManager.php on line 304 at /var/www/html/Prepareurself/vendor/monolog/monolog/src/Monolog/Handler/SlackWebhookHandler.php:51)
[stacktrace]
#0 /var/www/html/Prepareurself/vendor/laravel/framework/src/Illuminate/Log/LogManager.php(304): Monolog\\Handler\\SlackWebhookHandler->__construct()
#1 /var/www/html/Prepareurself/vendor/laravel/framework/src/Illuminate/Log/LogManager.php(202): Illuminate\\Log\\LogManager->createSlackDriver()
#2 /var/www/html/Prepareurself/vendor/laravel/framework/src/Illuminate/Log/LogManager.php(118): Illuminate\\Log\\LogManager->resolve()
#3 /var/www/html/Prepareurself/vendor/laravel/framework/src/Illuminate/Log/LogManager.php(98): Illuminate\\Log\\LogManager->get()
#4 /var/www/html/Prepareurself/vendor/laravel/framework/src/Illuminate/Log/LogManager.php(87): Illuminate\\Log\\LogManager->driver()
#5 /var/www/html/Prepareurself/vendor/laravel/framework/src/Illuminate/Log/LogManager.php(241): Illuminate\\Log\\LogManager->channel()
#6 [internal function]: Illuminate\\Log\\LogManager->Illuminate\\Log\\{closure}()
#7 /var/www/html/Prepareurself/vendor/laravel/framework/src/Illuminate/Support/Collection.php(638): array_map()
#8 /var/www/html/Prepareurself/vendor/laravel/framework/src/Illuminate/Support/Traits/EnumeratesValues.php(285): Illuminate\\Support\\Collection->map()
#9 /var/www/html/Prepareurself/vendor/laravel/framework/src/Illuminate/Log/LogManager.php(242): Illuminate\\Support\\Collection->flatMap()
#10 /var/www/html/Prepareurself/vendor/laravel/framework/src/Illuminate/Log/LogManager.php(202): Illuminate\\Log\\LogManager->createStackDriver()
#11 /var/www/html/Prepareurself/vendor/laravel/framework/src/Illuminate/Log/LogManager.php(118): Illuminate\\Log\\LogManager->resolve()
#12 /var/www/html/Prepareurself/vendor/laravel/framework/src/Illuminate/Log/LogManager.php(98): Illuminate\\Log\\LogManager->get()
#13 /var/www/html/Prepareurself/vendor/laravel/framework/src/Illuminate/Log/LogManager.php(547): Illuminate\\Log\\LogManager->driver()
#14 /var/www/html/Prepareurself/vendor/laravel/framework/src/Illuminate/Foundation/Exceptions/Handler.php(121): Illuminate\\Log\\LogManager->error()
#15 /var/www/html/Prepareurself/app/Exceptions/Handler.php(40): Illuminate\\Foundation\\Exceptions\\Handler->report()
#16 /var/www/html/Prepareurself/vendor/laravel/framework/src/Illuminate/Routing/Pipeline.php(49): App\\Exceptions\\Handler->report()
#17 /var/www/html/Prepareurself/vendor/laravel/framework/src/Illuminate/Pipeline/Pipeline.php(176): Illuminate\\Routing\\Pipeline->handleException()
#18 /var/www/html/Prepareurself/vendor/laravel/framework/src/Illuminate/Pipeline/Pipeline.php(105): Illuminate\\Pipeline\\Pipeline->Illuminate\\Pipeline\\{closure}()
#19 /var/www/html/Prepareurself/vendor/laravel/framework/src/Illuminate/Routing/Router.php(683): Illuminate\\Pipeline\\Pipeline->then()
#20 /var/www/html/Prepareurself/vendor/laravel/framework/src/Illuminate/Routing/Router.php(658): Illuminate\\Routing\\Router->runRouteWithinStack()
#21 /var/www/html/Prepareurself/vendor/laravel/framework/src/Illuminate/Routing/Router.php(624): Illuminate\\Routing\\Router->runRoute()
#22 /var/www/html/Prepareurself/vendor/laravel/framework/src/Illuminate/Routing/Router.php(613): Illuminate\\Routing\\Router->dispatchToRoute()
#23 /var/www/html/Prepareurself/vendor/laravel/framework/src/Illuminate/Foundation/Http/Kernel.php(170): Illuminate\\Routing\\Router->dispatch()
#24 /var/www/html/Prepareurself/vendor/laravel/framework/src/Illuminate/Pipeline/Pipeline.php(130): Illuminate\\Foundation\\Http\\Kernel->Illuminate\\Foundation\\Http\\{closure}()
#25 /var/www/html/Prepareurself/vendor/laravel/framework/src/Illuminate/Foundation/Http/Middleware/TransformsRequest.php(21): Illuminate\\Pipeline\\Pipeline->Illuminate\\Pipeline\\{closure}()
#26 /var/www/html/Prepareurself/vendor/laravel/framework/src/Illuminate/Pipeline/Pipeline.php(171): Illuminate\\Foundation\\Http\\Middleware\\TransformsRequest->handle()
#27 /var/www/html/Prepareurself/vendor/laravel/framework/src/Illuminate/Foundation/Http/Middleware/TransformsRequest.php(21): Illuminate\\Pipeline\\Pipeline->Illuminate\\Pipeline\\{closure}()
#28 /var/www/html/Prepareurself/vendor/laravel/framework/src/Illuminate/Pipeline/Pipeline.php(171): Illuminate\\Foundation\\Http\\Middleware\\TransformsRequest->handle()
#29 /var/www/html/Prepareurself/vendor/laravel/framework/src/Illuminate/Foundation/Http/Middleware/ValidatePostSize.php(27): Illuminate\\Pipeline\\Pipeline->Illuminate\\Pipeline\\{closure}()
#30 /var/www/html/Prepareurself/vendor/laravel/framework/src/Illuminate/Pipeline/Pipeline.php(171): Illuminate\\Foundation\\Http\\Middleware\\ValidatePostSize->handle()
#31 /var/www/html/Prepareurself/vendor/laravel/framework/src/Illuminate/Foundation/Http/Middleware/CheckForMaintenanceMode.php(63): Illuminate\\Pipeline\\Pipeline->Illuminate\\Pipeline\\{closure}()
#32 /var/www/html/Prepareurself/vendor/laravel/framework/src/Illuminate/Pipeline/Pipeline.php(171): Illuminate\\Foundation\\Http\\Middleware\\CheckForMaintenanceMode->handle()
#33 /var/www/html/Prepareurself/vendor/fideloper/proxy/src/TrustProxies.php(57): Illuminate\\Pipeline\\Pipeline->Illuminate\\Pipeline\\{closure}()
#34 /var/www/html/Prepareurself/vendor/laravel/framework/src/Illuminate/Pipeline/Pipeline.php(171): Fideloper\\Proxy\\TrustProxies->handle()
#35 /var/www/html/Prepareurself/vendor/laravel/framework/src/Illuminate/Pipeline/Pipeline.php(105): Illuminate\\Pipeline\\Pipeline->Illuminate\\Pipeline\\{closure}()
#36 /var/www/html/Prepareurself/vendor/laravel/framework/src/Illuminate/Foundation/Http/Kernel.php(145): Illuminate\\Pipeline\\Pipeline->then()
#37 /var/www/html/Prepareurself/vendor/laravel/framework/src/Illuminate/Foundation/Http/Kernel.php(110): Illuminate\\Foundation\\Http\\Kernel->sendRequestThroughRouter()
#38 /var/www/html/Prepareurself/public/index.php(55): Illuminate\\Foundation\\Http\\Kernel->handle()
#39 {main}
"} 
[2021-08-03 07:40:40] local.ERROR: The only supported ciphers are AES-128-CBC and AES-256-CBC with the correct key lengths. {"exception":"[object] (RuntimeException(code: 0): The only supported ciphers are AES-128-CBC and AES-256-CBC with the correct key lengths. at /var/www/html/Prepareurself/vendor/laravel/framework/src/Illuminate/Encryption/Encrypter.php:43)
[stacktrace]
#0 /var/www/html/Prepareurself/vendor/laravel/framework/src/Illuminate/Encryption/EncryptionServiceProvider.php(33): Illuminate\\Encryption\\Encrypter->__construct()
#1 /var/www/html/Prepareurself/vendor/laravel/framework/src/Illuminate/Container/Container.php(799): Illuminate\\Encryption\\EncryptionServiceProvider->Illuminate\\Encryption\\{closure}()
#2 /var/www/html/Prepareurself/vendor/laravel/framework/src/Illuminate/Container/Container.php(681): Illuminate\\Container\\Container->build()
#3 /var/www/html/Prepareurself/vendor/laravel/framework/src/Illuminate/Foundation/Application.php(785): Illuminate\\Container\\Container->resolve()
#4 /var/www/html/Prepareurself/vendor/laravel/framework/src/Illuminate/Container/Container.php(629): Illuminate\\Foundation\\Application->resolve()
#5 /var/www/html/Prepareurself/vendor/laravel/framework/src/Illuminate/Foundation/Application.php(770): Illuminate\\Container\\Container->make()
#6 /var/www/html/Prepareurself/vendor/laravel/framework/src/Illuminate/Container/Container.php(945): Illuminate\\Foundation\\Application->make()
#7 /var/www/html/Prepareurself/vendor/laravel/framework/src/Illuminate/Container/Container.php(873): Illuminate\\Container\\Container->resolveClass()
#8 /var/www/html/Prepareurself/vendor/laravel/framework/src/Illuminate/Container/Container.php(834): Illuminate\\Container\\Container->resolveDependencies()
#9 /var/www/html/Prepareurself/vendor/laravel/framework/src/Illuminate/Container/Container.php(681): Illuminate\\Container\\Container->build()
#10 /var/www/html/Prepareurself/vendor/laravel/framework/src/Illuminate/Foundation/Application.php(785): Illuminate\\Container\\Container->resolve()
#11 /var/www/html/Prepareurself/vendor/laravel/framework/src/Illuminate/Container/Container.php(629): Illuminate\\Foundation\\Application->resolve()
#12 /var/www/html/Prepareurself/vendor/laravel/framework/src/Illuminate/Foundation/Application.php(770): Illuminate\\Container\\Container->make()
#13 /var/www/html/Prepareurself/vendor/laravel/framework/src/Illuminate/Pipeline/Pipeline.php(160): Illuminate\\Foundation\\Application->make()
#14 /var/www/html/Prepareurself/vendor/laravel/framework/src/Illuminate/Pipeline/Pipeline.php(105): Illuminate\\Pipeline\\Pipeline->Illuminate\\Pipeline\\{closure}()
#15 /var/www/html/Prepareurself/vendor/laravel/framework/src/Illuminate/Routing/Router.php(683): Illuminate\\Pipeline\\Pipeline->then()
#16 /var/www/html/Prepareurself/vendor/laravel/framework/src/Illuminate/Routing/Router.php(658): Illuminate\\Routing\\Router->runRouteWithinStack()
#17 /var/www/html/Prepareurself/vendor/laravel/framework/src/Illuminate/Routing/Router.php(624): Illuminate\\Routing\\Router->runRoute()
#18 /var/www/html/Prepareurself/vendor/laravel/framework/src/Illuminate/Routing/Router.php(613): Illuminate\\Routing\\Router->dispatchToRoute()
#19 /var/www/html/Prepareurself/vendor/laravel/framework/src/Illuminate/Foundation/Http/Kernel.php(170): Illuminate\\Routing\\Router->dispatch()
#20 /var/www/html/Prepareurself/vendor/laravel/framework/src/Illuminate/Pipeline/Pipeline.php(130): Illuminate\\Foundation\\Http\\Kernel->Illuminate\\Foundation\\Http\\{closure}()
#21 /var/www/html/Prepareurself/vendor/laravel/framework/src/Illuminate/Foundation/Http/Middleware/TransformsRequest.php(21): Illuminate\\Pipeline\\Pipeline->Illuminate\\Pipeline\\{closure}()
#22 /var/www/html/Prepareurself/vendor/laravel/framework/src/Illuminate/Pipeline/Pipeline.php(171): Illuminate\\Foundation\\Http\\Middleware\\TransformsRequest->handle()
#23 /var/www/html/Prepareurself/vendor/laravel/framework/src/Illuminate/Foundation/Http/Middleware/TransformsRequest.php(21): Illuminate\\Pipeline\\Pipeline->Illuminate\\Pipeline\\{closure}()
#24 /var/www/html/Prepareurself/vendor/laravel/framework/src/Illuminate/Pipeline/Pipeline.php(171): Illuminate\\Foundation\\Http\\Middleware\\TransformsRequest->handle()
#25 /var/www/html/Prepareurself/vendor/laravel/framework/src/Illuminate/Foundation/Http/Middleware/ValidatePostSize.php(27): Illuminate\\Pipeline\\Pipeline->Illuminate\\Pipeline\\{closure}()
#26 /var/www/html/Prepareurself/vendor/laravel/framework/src/Illuminate/Pipeline/Pipeline.php(171): Illuminate\\Foundation\\Http\\Middleware\\ValidatePostSize->handle()
#27 /var/www/html/Prepareurself/vendor/laravel/framework/src/Illuminate/Foundation/Http/Middleware/CheckForMaintenanceMode.php(63): Illuminate\\Pipeline\\Pipeline->Illuminate\\Pipeline\\{closure}()
#28 /var/www/html/Prepareurself/vendor/laravel/framework/src/Illuminate/Pipeline/Pipeline.php(171): Illuminate\\Foundation\\Http\\Middleware\\CheckForMaintenanceMode->handle()
#29 /var/www/html/Prepareurself/vendor/fideloper/proxy/src/TrustProxies.php(57): Illuminate\\Pipeline\\Pipeline->Illuminate\\Pipeline\\{closure}()
#30 /var/www/html/Prepareurself/vendor/laravel/framework/src/Illuminate/Pipeline/Pipeline.php(171): Fideloper\\Proxy\\TrustProxies->handle()
#31 /var/www/html/Prepareurself/vendor/laravel/framework/src/Illuminate/Pipeline/Pipeline.php(105): Illuminate\\Pipeline\\Pipeline->Illuminate\\Pipeline\\{closure}()
#32 /var/www/html/Prepareurself/vendor/laravel/framework/src/Illuminate/Foundation/Http/Kernel.php(145): Illuminate\\Pipeline\\Pipeline->then()
#33 /var/www/html/Prepareurself/vendor/laravel/framework/src/Illuminate/Foundation/Http/Kernel.php(110): Illuminate\\Foundation\\Http\\Kernel->sendRequestThroughRouter()
#34 /var/www/html/Prepareurself/public/index.php(55): Illuminate\\Foundation\\Http\\Kernel->handle()
#35 {main}
"} 
[2021-08-03 07:41:55] laravel.EMERGENCY: Unable to create configured logger. Using emergency logger. {"exception":"[object] (TypeError(code: 0): Argument 1 passed to Monolog\\Handler\\SlackWebhookHandler::__construct() must be of the type string, null given, called in /var/www/html/Prepareurself/vendor/laravel/framework/src/Illuminate/Log/LogManager.php on line 304 at /var/www/html/Prepareurself/vendor/monolog/monolog/src/Monolog/Handler/SlackWebhookHandler.php:51)
[stacktrace]
#0 /var/www/html/Prepareurself/vendor/laravel/framework/src/Illuminate/Log/LogManager.php(304): Monolog\\Handler\\SlackWebhookHandler->__construct()
#1 /var/www/html/Prepareurself/vendor/laravel/framework/src/Illuminate/Log/LogManager.php(202): Illuminate\\Log\\LogManager->createSlackDriver()
#2 /var/www/html/Prepareurself/vendor/laravel/framework/src/Illuminate/Log/LogManager.php(118): Illuminate\\Log\\LogManager->resolve()
#3 /var/www/html/Prepareurself/vendor/laravel/framework/src/Illuminate/Log/LogManager.php(98): Illuminate\\Log\\LogManager->get()
#4 /var/www/html/Prepareurself/vendor/laravel/framework/src/Illuminate/Log/LogManager.php(87): Illuminate\\Log\\LogManager->driver()
#5 /var/www/html/Prepareurself/vendor/laravel/framework/src/Illuminate/Log/LogManager.php(241): Illuminate\\Log\\LogManager->channel()
#6 [internal function]: Illuminate\\Log\\LogManager->Illuminate\\Log\\{closure}()
#7 /var/www/html/Prepareurself/vendor/laravel/framework/src/Illuminate/Support/Collection.php(638): array_map()
#8 /var/www/html/Prepareurself/vendor/laravel/framework/src/Illuminate/Support/Traits/EnumeratesValues.php(285): Illuminate\\Support\\Collection->map()
#9 /var/www/html/Prepareurself/vendor/laravel/framework/src/Illuminate/Log/LogManager.php(242): Illuminate\\Support\\Collection->flatMap()
#10 /var/www/html/Prepareurself/vendor/laravel/framework/src/Illuminate/Log/LogManager.php(202): Illuminate\\Log\\LogManager->createStackDriver()
#11 /var/www/html/Prepareurself/vendor/laravel/framework/src/Illuminate/Log/LogManager.php(118): Illuminate\\Log\\LogManager->resolve()
#12 /var/www/html/Prepareurself/vendor/laravel/framework/src/Illuminate/Log/LogManager.php(98): Illuminate\\Log\\LogManager->get()
#13 /var/www/html/Prepareurself/vendor/laravel/framework/src/Illuminate/Log/LogManager.php(547): Illuminate\\Log\\LogManager->driver()
#14 /var/www/html/Prepareurself/vendor/laravel/framework/src/Illuminate/Foundation/Exceptions/Handler.php(121): Illuminate\\Log\\LogManager->error()
#15 /var/www/html/Prepareurself/app/Exceptions/Handler.php(40): Illuminate\\Foundation\\Exceptions\\Handler->report()
#16 /var/www/html/Prepareurself/vendor/laravel/framework/src/Illuminate/Routing/Pipeline.php(49): App\\Exceptions\\Handler->report()
#17 /var/www/html/Prepareurself/vendor/laravel/framework/src/Illuminate/Pipeline/Pipeline.php(176): Illuminate\\Routing\\Pipeline->handleException()
#18 /var/www/html/Prepareurself/vendor/laravel/framework/src/Illuminate/Pipeline/Pipeline.php(105): Illuminate\\Pipeline\\Pipeline->Illuminate\\Pipeline\\{closure}()
#19 /var/www/html/Prepareurself/vendor/laravel/framework/src/Illuminate/Routing/Router.php(683): Illuminate\\Pipeline\\Pipeline->then()
#20 /var/www/html/Prepareurself/vendor/laravel/framework/src/Illuminate/Routing/Router.php(658): Illuminate\\Routing\\Router->runRouteWithinStack()
#21 /var/www/html/Prepareurself/vendor/laravel/framework/src/Illuminate/Routing/Router.php(624): Illuminate\\Routing\\Router->runRoute()
#22 /var/www/html/Prepareurself/vendor/laravel/framework/src/Illuminate/Routing/Router.php(613): Illuminate\\Routing\\Router->dispatchToRoute()
#23 /var/www/html/Prepareurself/vendor/laravel/framework/src/Illuminate/Foundation/Http/Kernel.php(170): Illuminate\\Routing\\Router->dispatch()
#24 /var/www/html/Prepareurself/vendor/laravel/framework/src/Illuminate/Pipeline/Pipeline.php(130): Illuminate\\Foundation\\Http\\Kernel->Illuminate\\Foundation\\Http\\{closure}()
#25 /var/www/html/Prepareurself/vendor/laravel/framework/src/Illuminate/Foundation/Http/Middleware/TransformsRequest.php(21): Illuminate\\Pipeline\\Pipeline->Illuminate\\Pipeline\\{closure}()
#26 /var/www/html/Prepareurself/vendor/laravel/framework/src/Illuminate/Pipeline/Pipeline.php(171): Illuminate\\Foundation\\Http\\Middleware\\TransformsRequest->handle()
#27 /var/www/html/Prepareurself/vendor/laravel/framework/src/Illuminate/Foundation/Http/Middleware/TransformsRequest.php(21): Illuminate\\Pipeline\\Pipeline->Illuminate\\Pipeline\\{closure}()
#28 /var/www/html/Prepareurself/vendor/laravel/framework/src/Illuminate/Pipeline/Pipeline.php(171): Illuminate\\Foundation\\Http\\Middleware\\TransformsRequest->handle()
#29 /var/www/html/Prepareurself/vendor/laravel/framework/src/Illuminate/Foundation/Http/Middleware/ValidatePostSize.php(27): Illuminate\\Pipeline\\Pipeline->Illuminate\\Pipeline\\{closure}()
#30 /var/www/html/Prepareurself/vendor/laravel/framework/src/Illuminate/Pipeline/Pipeline.php(171): Illuminate\\Foundation\\Http\\Middleware\\ValidatePostSize->handle()
#31 /var/www/html/Prepareurself/vendor/laravel/framework/src/Illuminate/Foundation/Http/Middleware/CheckForMaintenanceMode.php(63): Illuminate\\Pipeline\\Pipeline->Illuminate\\Pipeline\\{closure}()
#32 /var/www/html/Prepareurself/vendor/laravel/framework/src/Illuminate/Pipeline/Pipeline.php(171): Illuminate\\Foundation\\Http\\Middleware\\CheckForMaintenanceMode->handle()
#33 /var/www/html/Prepareurself/vendor/fideloper/proxy/src/TrustProxies.php(57): Illuminate\\Pipeline\\Pipeline->Illuminate\\Pipeline\\{closure}()
#34 /var/www/html/Prepareurself/vendor/laravel/framework/src/Illuminate/Pipeline/Pipeline.php(171): Fideloper\\Proxy\\TrustProxies->handle()
#35 /var/www/html/Prepareurself/vendor/laravel/framework/src/Illuminate/Pipeline/Pipeline.php(105): Illuminate\\Pipeline\\Pipeline->Illuminate\\Pipeline\\{closure}()
#36 /var/www/html/Prepareurself/vendor/laravel/framework/src/Illuminate/Foundation/Http/Kernel.php(145): Illuminate\\Pipeline\\Pipeline->then()
#37 /var/www/html/Prepareurself/vendor/laravel/framework/src/Illuminate/Foundation/Http/Kernel.php(110): Illuminate\\Foundation\\Http\\Kernel->sendRequestThroughRouter()
#38 /var/www/html/Prepareurself/public/index.php(55): Illuminate\\Foundation\\Http\\Kernel->handle()
#39 {main}
"} 
[2021-08-03 07:41:55] local.ERROR: The only supported ciphers are AES-128-CBC and AES-256-CBC with the correct key lengths. {"exception":"[object] (RuntimeException(code: 0): The only supported ciphers are AES-128-CBC and AES-256-CBC with the correct key lengths. at /var/www/html/Prepareurself/vendor/laravel/framework/src/Illuminate/Encryption/Encrypter.php:43)
[stacktrace]
#0 /var/www/html/Prepareurself/vendor/laravel/framework/src/Illuminate/Encryption/EncryptionServiceProvider.php(33): Illuminate\\Encryption\\Encrypter->__construct()
#1 /var/www/html/Prepareurself/vendor/laravel/framework/src/Illuminate/Container/Container.php(799): Illuminate\\Encryption\\EncryptionServiceProvider->Illuminate\\Encryption\\{closure}()
#2 /var/www/html/Prepareurself/vendor/laravel/framework/src/Illuminate/Container/Container.php(681): Illuminate\\Container\\Container->build()
#3 /var/www/html/Prepareurself/vendor/laravel/framework/src/Illuminate/Foundation/Application.php(785): Illuminate\\Container\\Container->resolve()
#4 /var/www/html/Prepareurself/vendor/laravel/framework/src/Illuminate/Container/Container.php(629): Illuminate\\Foundation\\Application->resolve()
#5 /var/www/html/Prepareurself/vendor/laravel/framework/src/Illuminate/Foundation/Application.php(770): Illuminate\\Container\\Container->make()
#6 /var/www/html/Prepareurself/vendor/laravel/framework/src/Illuminate/Container/Container.php(945): Illuminate\\Foundation\\Application->make()
#7 /var/www/html/Prepareurself/vendor/laravel/framework/src/Illuminate/Container/Container.php(873): Illuminate\\Container\\Container->resolveClass()
#8 /var/www/html/Prepareurself/vendor/laravel/framework/src/Illuminate/Container/Container.php(834): Illuminate\\Container\\Container->resolveDependencies()
#9 /var/www/html/Prepareurself/vendor/laravel/framework/src/Illuminate/Container/Container.php(681): Illuminate\\Container\\Container->build()
#10 /var/www/html/Prepareurself/vendor/laravel/framework/src/Illuminate/Foundation/Application.php(785): Illuminate\\Container\\Container->resolve()
#11 /var/www/html/Prepareurself/vendor/laravel/framework/src/Illuminate/Container/Container.php(629): Illuminate\\Foundation\\Application->resolve()
#12 /var/www/html/Prepareurself/vendor/laravel/framework/src/Illuminate/Foundation/Application.php(770): Illuminate\\Container\\Container->make()
#13 /var/www/html/Prepareurself/vendor/laravel/framework/src/Illuminate/Pipeline/Pipeline.php(160): Illuminate\\Foundation\\Application->make()
#14 /var/www/html/Prepareurself/vendor/laravel/framework/src/Illuminate/Pipeline/Pipeline.php(105): Illuminate\\Pipeline\\Pipeline->Illuminate\\Pipeline\\{closure}()
#15 /var/www/html/Prepareurself/vendor/laravel/framework/src/Illuminate/Routing/Router.php(683): Illuminate\\Pipeline\\Pipeline->then()
#16 /var/www/html/Prepareurself/vendor/laravel/framework/src/Illuminate/Routing/Router.php(658): Illuminate\\Routing\\Router->runRouteWithinStack()
#17 /var/www/html/Prepareurself/vendor/laravel/framework/src/Illuminate/Routing/Router.php(624): Illuminate\\Routing\\Router->runRoute()
#18 /var/www/html/Prepareurself/vendor/laravel/framework/src/Illuminate/Routing/Router.php(613): Illuminate\\Routing\\Router->dispatchToRoute()
#19 /var/www/html/Prepareurself/vendor/laravel/framework/src/Illuminate/Foundation/Http/Kernel.php(170): Illuminate\\Routing\\Router->dispatch()
#20 /var/www/html/Prepareurself/vendor/laravel/framework/src/Illuminate/Pipeline/Pipeline.php(130): Illuminate\\Foundation\\Http\\Kernel->Illuminate\\Foundation\\Http\\{closure}()
#21 /var/www/html/Prepareurself/vendor/laravel/framework/src/Illuminate/Foundation/Http/Middleware/TransformsRequest.php(21): Illuminate\\Pipeline\\Pipeline->Illuminate\\Pipeline\\{closure}()
#22 /var/www/html/Prepareurself/vendor/laravel/framework/src/Illuminate/Pipeline/Pipeline.php(171): Illuminate\\Foundation\\Http\\Middleware\\TransformsRequest->handle()
#23 /var/www/html/Prepareurself/vendor/laravel/framework/src/Illuminate/Foundation/Http/Middleware/TransformsRequest.php(21): Illuminate\\Pipeline\\Pipeline->Illuminate\\Pipeline\\{closure}()
#24 /var/www/html/Prepareurself/vendor/laravel/framework/src/Illuminate/Pipeline/Pipeline.php(171): Illuminate\\Foundation\\Http\\Middleware\\TransformsRequest->handle()
#25 /var/www/html/Prepareurself/vendor/laravel/framework/src/Illuminate/Foundation/Http/Middleware/ValidatePostSize.php(27): Illuminate\\Pipeline\\Pipeline->Illuminate\\Pipeline\\{closure}()
#26 /var/www/html/Prepareurself/vendor/laravel/framework/src/Illuminate/Pipeline/Pipeline.php(171): Illuminate\\Foundation\\Http\\Middleware\\ValidatePostSize->handle()
#27 /var/www/html/Prepareurself/vendor/laravel/framework/src/Illuminate/Foundation/Http/Middleware/CheckForMaintenanceMode.php(63): Illuminate\\Pipeline\\Pipeline->Illuminate\\Pipeline\\{closure}()
#28 /var/www/html/Prepareurself/vendor/laravel/framework/src/Illuminate/Pipeline/Pipeline.php(171): Illuminate\\Foundation\\Http\\Middleware\\CheckForMaintenanceMode->handle()
#29 /var/www/html/Prepareurself/vendor/fideloper/proxy/src/TrustProxies.php(57): Illuminate\\Pipeline\\Pipeline->Illuminate\\Pipeline\\{closure}()
#30 /var/www/html/Prepareurself/vendor/laravel/framework/src/Illuminate/Pipeline/Pipeline.php(171): Fideloper\\Proxy\\TrustProxies->handle()
#31 /var/www/html/Prepareurself/vendor/laravel/framework/src/Illuminate/Pipeline/Pipeline.php(105): Illuminate\\Pipeline\\Pipeline->Illuminate\\Pipeline\\{closure}()
#32 /var/www/html/Prepareurself/vendor/laravel/framework/src/Illuminate/Foundation/Http/Kernel.php(145): Illuminate\\Pipeline\\Pipeline->then()
#33 /var/www/html/Prepareurself/vendor/laravel/framework/src/Illuminate/Foundation/Http/Kernel.php(110): Illuminate\\Foundation\\Http\\Kernel->sendRequestThroughRouter()
#34 /var/www/html/Prepareurself/public/index.php(55): Illuminate\\Foundation\\Http\\Kernel->handle()
#35 {main}
"} 
[2021-08-03 07:42:35] laravel.EMERGENCY: Unable to create configured logger. Using emergency logger. {"exception":"[object] (TypeError(code: 0): Argument 1 passed to Monolog\\Handler\\SlackWebhookHandler::__construct() must be of the type string, null given, called in /var/www/html/Prepareurself/vendor/laravel/framework/src/Illuminate/Log/LogManager.php on line 304 at /var/www/html/Prepareurself/vendor/monolog/monolog/src/Monolog/Handler/SlackWebhookHandler.php:51)
[stacktrace]
#0 /var/www/html/Prepareurself/vendor/laravel/framework/src/Illuminate/Log/LogManager.php(304): Monolog\\Handler\\SlackWebhookHandler->__construct()
#1 /var/www/html/Prepareurself/vendor/laravel/framework/src/Illuminate/Log/LogManager.php(202): Illuminate\\Log\\LogManager->createSlackDriver()
#2 /var/www/html/Prepareurself/vendor/laravel/framework/src/Illuminate/Log/LogManager.php(118): Illuminate\\Log\\LogManager->resolve()
#3 /var/www/html/Prepareurself/vendor/laravel/framework/src/Illuminate/Log/LogManager.php(98): Illuminate\\Log\\LogManager->get()
#4 /var/www/html/Prepareurself/vendor/laravel/framework/src/Illuminate/Log/LogManager.php(87): Illuminate\\Log\\LogManager->driver()
#5 /var/www/html/Prepareurself/vendor/laravel/framework/src/Illuminate/Log/LogManager.php(241): Illuminate\\Log\\LogManager->channel()
#6 [internal function]: Illuminate\\Log\\LogManager->Illuminate\\Log\\{closure}()
#7 /var/www/html/Prepareurself/vendor/laravel/framework/src/Illuminate/Support/Collection.php(638): array_map()
#8 /var/www/html/Prepareurself/vendor/laravel/framework/src/Illuminate/Support/Traits/EnumeratesValues.php(285): Illuminate\\Support\\Collection->map()
#9 /var/www/html/Prepareurself/vendor/laravel/framework/src/Illuminate/Log/LogManager.php(242): Illuminate\\Support\\Collection->flatMap()
#10 /var/www/html/Prepareurself/vendor/laravel/framework/src/Illuminate/Log/LogManager.php(202): Illuminate\\Log\\LogManager->createStackDriver()
#11 /var/www/html/Prepareurself/vendor/laravel/framework/src/Illuminate/Log/LogManager.php(118): Illuminate\\Log\\LogManager->resolve()
#12 /var/www/html/Prepareurself/vendor/laravel/framework/src/Illuminate/Log/LogManager.php(98): Illuminate\\Log\\LogManager->get()
#13 /var/www/html/Prepareurself/vendor/laravel/framework/src/Illuminate/Log/LogManager.php(547): Illuminate\\Log\\LogManager->driver()
#14 /var/www/html/Prepareurself/vendor/laravel/framework/src/Illuminate/Foundation/Exceptions/Handler.php(121): Illuminate\\Log\\LogManager->error()
#15 /var/www/html/Prepareurself/app/Exceptions/Handler.php(40): Illuminate\\Foundation\\Exceptions\\Handler->report()
#16 /var/www/html/Prepareurself/vendor/laravel/framework/src/Illuminate/Routing/Pipeline.php(49): App\\Exceptions\\Handler->report()
#17 /var/www/html/Prepareurself/vendor/laravel/framework/src/Illuminate/Pipeline/Pipeline.php(176): Illuminate\\Routing\\Pipeline->handleException()
#18 /var/www/html/Prepareurself/vendor/laravel/framework/src/Illuminate/Pipeline/Pipeline.php(105): Illuminate\\Pipeline\\Pipeline->Illuminate\\Pipeline\\{closure}()
#19 /var/www/html/Prepareurself/vendor/laravel/framework/src/Illuminate/Routing/Router.php(683): Illuminate\\Pipeline\\Pipeline->then()
#20 /var/www/html/Prepareurself/vendor/laravel/framework/src/Illuminate/Routing/Router.php(658): Illuminate\\Routing\\Router->runRouteWithinStack()
#21 /var/www/html/Prepareurself/vendor/laravel/framework/src/Illuminate/Routing/Router.php(624): Illuminate\\Routing\\Router->runRoute()
#22 /var/www/html/Prepareurself/vendor/laravel/framework/src/Illuminate/Routing/Router.php(613): Illuminate\\Routing\\Router->dispatchToRoute()
#23 /var/www/html/Prepareurself/vendor/laravel/framework/src/Illuminate/Foundation/Http/Kernel.php(170): Illuminate\\Routing\\Router->dispatch()
#24 /var/www/html/Prepareurself/vendor/laravel/framework/src/Illuminate/Pipeline/Pipeline.php(130): Illuminate\\Foundation\\Http\\Kernel->Illuminate\\Foundation\\Http\\{closure}()
#25 /var/www/html/Prepareurself/vendor/laravel/framework/src/Illuminate/Foundation/Http/Middleware/TransformsRequest.php(21): Illuminate\\Pipeline\\Pipeline->Illuminate\\Pipeline\\{closure}()
#26 /var/www/html/Prepareurself/vendor/laravel/framework/src/Illuminate/Pipeline/Pipeline.php(171): Illuminate\\Foundation\\Http\\Middleware\\TransformsRequest->handle()
#27 /var/www/html/Prepareurself/vendor/laravel/framework/src/Illuminate/Foundation/Http/Middleware/TransformsRequest.php(21): Illuminate\\Pipeline\\Pipeline->Illuminate\\Pipeline\\{closure}()
#28 /var/www/html/Prepareurself/vendor/laravel/framework/src/Illuminate/Pipeline/Pipeline.php(171): Illuminate\\Foundation\\Http\\Middleware\\TransformsRequest->handle()
#29 /var/www/html/Prepareurself/vendor/laravel/framework/src/Illuminate/Foundation/Http/Middleware/ValidatePostSize.php(27): Illuminate\\Pipeline\\Pipeline->Illuminate\\Pipeline\\{closure}()
#30 /var/www/html/Prepareurself/vendor/laravel/framework/src/Illuminate/Pipeline/Pipeline.php(171): Illuminate\\Foundation\\Http\\Middleware\\ValidatePostSize->handle()
#31 /var/www/html/Prepareurself/vendor/laravel/framework/src/Illuminate/Foundation/Http/Middleware/CheckForMaintenanceMode.php(63): Illuminate\\Pipeline\\Pipeline->Illuminate\\Pipeline\\{closure}()
#32 /var/www/html/Prepareurself/vendor/laravel/framework/src/Illuminate/Pipeline/Pipeline.php(171): Illuminate\\Foundation\\Http\\Middleware\\CheckForMaintenanceMode->handle()
#33 /var/www/html/Prepareurself/vendor/fideloper/proxy/src/TrustProxies.php(57): Illuminate\\Pipeline\\Pipeline->Illuminate\\Pipeline\\{closure}()
#34 /var/www/html/Prepareurself/vendor/laravel/framework/src/Illuminate/Pipeline/Pipeline.php(171): Fideloper\\Proxy\\TrustProxies->handle()
#35 /var/www/html/Prepareurself/vendor/laravel/framework/src/Illuminate/Pipeline/Pipeline.php(105): Illuminate\\Pipeline\\Pipeline->Illuminate\\Pipeline\\{closure}()
#36 /var/www/html/Prepareurself/vendor/laravel/framework/src/Illuminate/Foundation/Http/Kernel.php(145): Illuminate\\Pipeline\\Pipeline->then()
#37 /var/www/html/Prepareurself/vendor/laravel/framework/src/Illuminate/Foundation/Http/Kernel.php(110): Illuminate\\Foundation\\Http\\Kernel->sendRequestThroughRouter()
#38 /var/www/html/Prepareurself/public/index.php(55): Illuminate\\Foundation\\Http\\Kernel->handle()
#39 {main}
"} 
[2021-08-03 07:42:35] local.ERROR: The only supported ciphers are AES-128-CBC and AES-256-CBC with the correct key lengths. {"exception":"[object] (RuntimeException(code: 0): The only supported ciphers are AES-128-CBC and AES-256-CBC with the correct key lengths. at /var/www/html/Prepareurself/vendor/laravel/framework/src/Illuminate/Encryption/Encrypter.php:43)
[stacktrace]
#0 /var/www/html/Prepareurself/vendor/laravel/framework/src/Illuminate/Encryption/EncryptionServiceProvider.php(33): Illuminate\\Encryption\\Encrypter->__construct()
#1 /var/www/html/Prepareurself/vendor/laravel/framework/src/Illuminate/Container/Container.php(799): Illuminate\\Encryption\\EncryptionServiceProvider->Illuminate\\Encryption\\{closure}()
#2 /var/www/html/Prepareurself/vendor/laravel/framework/src/Illuminate/Container/Container.php(681): Illuminate\\Container\\Container->build()
#3 /var/www/html/Prepareurself/vendor/laravel/framework/src/Illuminate/Foundation/Application.php(785): Illuminate\\Container\\Container->resolve()
#4 /var/www/html/Prepareurself/vendor/laravel/framework/src/Illuminate/Container/Container.php(629): Illuminate\\Foundation\\Application->resolve()
#5 /var/www/html/Prepareurself/vendor/laravel/framework/src/Illuminate/Foundation/Application.php(770): Illuminate\\Container\\Container->make()
#6 /var/www/html/Prepareurself/vendor/laravel/framework/src/Illuminate/Container/Container.php(945): Illuminate\\Foundation\\Application->make()
#7 /var/www/html/Prepareurself/vendor/laravel/framework/src/Illuminate/Container/Container.php(873): Illuminate\\Container\\Container->resolveClass()
#8 /var/www/html/Prepareurself/vendor/laravel/framework/src/Illuminate/Container/Container.php(834): Illuminate\\Container\\Container->resolveDependencies()
#9 /var/www/html/Prepareurself/vendor/laravel/framework/src/Illuminate/Container/Container.php(681): Illuminate\\Container\\Container->build()
#10 /var/www/html/Prepareurself/vendor/laravel/framework/src/Illuminate/Foundation/Application.php(785): Illuminate\\Container\\Container->resolve()
#11 /var/www/html/Prepareurself/vendor/laravel/framework/src/Illuminate/Container/Container.php(629): Illuminate\\Foundation\\Application->resolve()
#12 /var/www/html/Prepareurself/vendor/laravel/framework/src/Illuminate/Foundation/Application.php(770): Illuminate\\Container\\Container->make()
#13 /var/www/html/Prepareurself/vendor/laravel/framework/src/Illuminate/Pipeline/Pipeline.php(160): Illuminate\\Foundation\\Application->make()
#14 /var/www/html/Prepareurself/vendor/laravel/framework/src/Illuminate/Pipeline/Pipeline.php(105): Illuminate\\Pipeline\\Pipeline->Illuminate\\Pipeline\\{closure}()
#15 /var/www/html/Prepareurself/vendor/laravel/framework/src/Illuminate/Routing/Router.php(683): Illuminate\\Pipeline\\Pipeline->then()
#16 /var/www/html/Prepareurself/vendor/laravel/framework/src/Illuminate/Routing/Router.php(658): Illuminate\\Routing\\Router->runRouteWithinStack()
#17 /var/www/html/Prepareurself/vendor/laravel/framework/src/Illuminate/Routing/Router.php(624): Illuminate\\Routing\\Router->runRoute()
#18 /var/www/html/Prepareurself/vendor/laravel/framework/src/Illuminate/Routing/Router.php(613): Illuminate\\Routing\\Router->dispatchToRoute()
#19 /var/www/html/Prepareurself/vendor/laravel/framework/src/Illuminate/Foundation/Http/Kernel.php(170): Illuminate\\Routing\\Router->dispatch()
#20 /var/www/html/Prepareurself/vendor/laravel/framework/src/Illuminate/Pipeline/Pipeline.php(130): Illuminate\\Foundation\\Http\\Kernel->Illuminate\\Foundation\\Http\\{closure}()
#21 /var/www/html/Prepareurself/vendor/laravel/framework/src/Illuminate/Foundation/Http/Middleware/TransformsRequest.php(21): Illuminate\\Pipeline\\Pipeline->Illuminate\\Pipeline\\{closure}()
#22 /var/www/html/Prepareurself/vendor/laravel/framework/src/Illuminate/Pipeline/Pipeline.php(171): Illuminate\\Foundation\\Http\\Middleware\\TransformsRequest->handle()
#23 /var/www/html/Prepareurself/vendor/laravel/framework/src/Illuminate/Foundation/Http/Middleware/TransformsRequest.php(21): Illuminate\\Pipeline\\Pipeline->Illuminate\\Pipeline\\{closure}()
#24 /var/www/html/Prepareurself/vendor/laravel/framework/src/Illuminate/Pipeline/Pipeline.php(171): Illuminate\\Foundation\\Http\\Middleware\\TransformsRequest->handle()
#25 /var/www/html/Prepareurself/vendor/laravel/framework/src/Illuminate/Foundation/Http/Middleware/ValidatePostSize.php(27): Illuminate\\Pipeline\\Pipeline->Illuminate\\Pipeline\\{closure}()
#26 /var/www/html/Prepareurself/vendor/laravel/framework/src/Illuminate/Pipeline/Pipeline.php(171): Illuminate\\Foundation\\Http\\Middleware\\ValidatePostSize->handle()
#27 /var/www/html/Prepareurself/vendor/laravel/framework/src/Illuminate/Foundation/Http/Middleware/CheckForMaintenanceMode.php(63): Illuminate\\Pipeline\\Pipeline->Illuminate\\Pipeline\\{closure}()
#28 /var/www/html/Prepareurself/vendor/laravel/framework/src/Illuminate/Pipeline/Pipeline.php(171): Illuminate\\Foundation\\Http\\Middleware\\CheckForMaintenanceMode->handle()
#29 /var/www/html/Prepareurself/vendor/fideloper/proxy/src/TrustProxies.php(57): Illuminate\\Pipeline\\Pipeline->Illuminate\\Pipeline\\{closure}()
#30 /var/www/html/Prepareurself/vendor/laravel/framework/src/Illuminate/Pipeline/Pipeline.php(171): Fideloper\\Proxy\\TrustProxies->handle()
#31 /var/www/html/Prepareurself/vendor/laravel/framework/src/Illuminate/Pipeline/Pipeline.php(105): Illuminate\\Pipeline\\Pipeline->Illuminate\\Pipeline\\{closure}()
#32 /var/www/html/Prepareurself/vendor/laravel/framework/src/Illuminate/Foundation/Http/Kernel.php(145): Illuminate\\Pipeline\\Pipeline->then()
#33 /var/www/html/Prepareurself/vendor/laravel/framework/src/Illuminate/Foundation/Http/Kernel.php(110): Illuminate\\Foundation\\Http\\Kernel->sendRequestThroughRouter()
#34 /var/www/html/Prepareurself/public/index.php(55): Illuminate\\Foundation\\Http\\Kernel->handle()
#35 {main}
"} 
[2021-08-03 07:43:37] local.ERROR: The only supported ciphers are AES-128-CBC and AES-256-CBC with the correct key lengths. {"exception":"[object] (RuntimeException(code: 0): The only supported ciphers are AES-128-CBC and AES-256-CBC with the correct key lengths. at /var/www/html/Prepareurself/vendor/laravel/framework/src/Illuminate/Encryption/Encrypter.php:43)
[stacktrace]
#0 /var/www/html/Prepareurself/vendor/laravel/framework/src/Illuminate/Encryption/EncryptionServiceProvider.php(33): Illuminate\\Encryption\\Encrypter->__construct()
#1 /var/www/html/Prepareurself/vendor/laravel/framework/src/Illuminate/Container/Container.php(799): Illuminate\\Encryption\\EncryptionServiceProvider->Illuminate\\Encryption\\{closure}()
#2 /var/www/html/Prepareurself/vendor/laravel/framework/src/Illuminate/Container/Container.php(681): Illuminate\\Container\\Container->build()
#3 /var/www/html/Prepareurself/vendor/laravel/framework/src/Illuminate/Foundation/Application.php(785): Illuminate\\Container\\Container->resolve()
#4 /var/www/html/Prepareurself/vendor/laravel/framework/src/Illuminate/Container/Container.php(629): Illuminate\\Foundation\\Application->resolve()
#5 /var/www/html/Prepareurself/vendor/laravel/framework/src/Illuminate/Foundation/Application.php(770): Illuminate\\Container\\Container->make()
#6 /var/www/html/Prepareurself/vendor/laravel/framework/src/Illuminate/Container/Container.php(945): Illuminate\\Foundation\\Application->make()
#7 /var/www/html/Prepareurself/vendor/laravel/framework/src/Illuminate/Container/Container.php(873): Illuminate\\Container\\Container->resolveClass()
#8 /var/www/html/Prepareurself/vendor/laravel/framework/src/Illuminate/Container/Container.php(834): Illuminate\\Container\\Container->resolveDependencies()
#9 /var/www/html/Prepareurself/vendor/laravel/framework/src/Illuminate/Container/Container.php(681): Illuminate\\Container\\Container->build()
#10 /var/www/html/Prepareurself/vendor/laravel/framework/src/Illuminate/Foundation/Application.php(785): Illuminate\\Container\\Container->resolve()
#11 /var/www/html/Prepareurself/vendor/laravel/framework/src/Illuminate/Container/Container.php(629): Illuminate\\Foundation\\Application->resolve()
#12 /var/www/html/Prepareurself/vendor/laravel/framework/src/Illuminate/Foundation/Application.php(770): Illuminate\\Container\\Container->make()
#13 /var/www/html/Prepareurself/vendor/laravel/framework/src/Illuminate/Foundation/Http/Kernel.php(209): Illuminate\\Foundation\\Application->make()
#14 /var/www/html/Prepareurself/vendor/laravel/framework/src/Illuminate/Foundation/Http/Kernel.php(183): Illuminate\\Foundation\\Http\\Kernel->terminateMiddleware()
#15 /var/www/html/Prepareurself/public/index.php(60): Illuminate\\Foundation\\Http\\Kernel->terminate()
#16 {main}
"} 
